Using pre-set license
Built from '2021.2/staging' branch; Version is '2021.2.2f1 (5e2b1e92c7f8) revision 6171422'; Using compiler version '192829333'; Build Type 'Release'
OS: 'Windows 10 Home; OS build 19043.1348; Version 2009; 64bit' Language: 'en' Physical Memory: 32706 MB
BatchMode: 1, IsHumanControllingUs: 0, StartBugReporterOnCrash: 0, Is64bit: 1, IsPro: 0

COMMAND LINE ARGUMENTS:
T:\UnityEditors\2021.2.2f1\Editor\Unity.exe
-adb2
-batchMode
-noUpm
-name
AssetImportWorker5
-projectPath
T:/Workspace/UnityWorkspace/repos/Visited Places
-logFile
Logs/AssetImportWorker5.log
-srvPort
55693
Successfully changed project path to: T:/Workspace/UnityWorkspace/repos/Visited Places
T:/Workspace/UnityWorkspace/repos/Visited Places
[UnityMemory] Configuration Parameters - Can be set up in boot.config
    "memorysetup-bucket-allocator-granularity=16"
    "memorysetup-bucket-allocator-bucket-count=8"
    "memorysetup-bucket-allocator-block-size=33554432"
    "memorysetup-bucket-allocator-block-count=8"
    "memorysetup-main-allocator-block-size=16777216"
    "memorysetup-thread-allocator-block-size=16777216"
    "memorysetup-gfx-main-allocator-block-size=16777216"
    "memorysetup-gfx-thread-allocator-block-size=16777216"
    "memorysetup-cache-allocator-block-size=4194304"
    "memorysetup-typetree-allocator-block-size=2097152"
    "memorysetup-profiler-bucket-allocator-granularity=16"
    "memorysetup-profiler-bucket-allocator-bucket-count=8"
    "memorysetup-profiler-bucket-allocator-block-size=33554432"
    "memorysetup-profiler-bucket-allocator-block-count=8"
    "memorysetup-profiler-allocator-block-size=16777216"
    "memorysetup-profiler-editor-allocator-block-size=1048576"
    "memorysetup-temp-allocator-size-main=16777216"
    "memorysetup-job-temp-allocator-block-size=2097152"
    "memorysetup-job-temp-allocator-block-size-background=1048576"
    "memorysetup-job-temp-allocator-reduction-small-platforms=262144"
    "memorysetup-temp-allocator-size-background-worker=32768"
    "memorysetup-temp-allocator-size-job-worker=262144"
    "memorysetup-temp-allocator-size-preload-manager=33554432"
    "memorysetup-temp-allocator-size-nav-mesh-worker=65536"
    "memorysetup-temp-allocator-size-audio-worker=65536"
    "memorysetup-temp-allocator-size-cloud-worker=32768"
    "memorysetup-temp-allocator-size-gi-baking-worker=262144"
    "memorysetup-temp-allocator-size-gfx=262144"
Refreshing native plugins compatible for Editor in 70.82 ms, found 2 plugins.
Preloading 0 native plugins for Editor in 0.00 ms.
Initialize engine version: 2021.2.2f1 (5e2b1e92c7f8)
[Subsystems] Discovering subsystems at path T:/UnityEditors/2021.2.2f1/Editor/Data/Resources/UnitySubsystems
[Subsystems] Discovering subsystems at path T:/Workspace/UnityWorkspace/repos/Visited Places/Assets
GfxDevice: creating device client; threaded=0; jobified=0
Direct3D:
    Version:  Direct3D 11.0 [level 11.1]
    Renderer: NVIDIA GeForce GTX 1080 Ti (ID=0x1b06)
    Vendor:   NVIDIA
    VRAM:     11127 MB
    Driver:   30.0.14.7247
Initialize mono
Mono path[0] = 'T:/UnityEditors/2021.2.2f1/Editor/Data/Managed'
Mono path[1] = 'T:/UnityEditors/2021.2.2f1/Editor/Data/MonoBleedingEdge/lib/mono/unityjit-win32'
Mono config path = 'T:/UnityEditors/2021.2.2f1/Editor/Data/MonoBleedingEdge/etc'
Using monoOptions --debugger-agent=transport=dt_socket,embedding=1,server=y,suspend=n,address=127.0.0.1:56488
Begin MonoManager ReloadAssembly
Registering precompiled unity dll's ...
Register platform support module: T:/UnityEditors/2021.2.2f1/Editor/Data/PlaybackEngines/WebGLSupport/UnityEditor.WebGL.Extensions.dll
Register platform support module: T:/UnityEditors/2021.2.2f1/Editor/Data/PlaybackEngines/WindowsStandaloneSupport/UnityEditor.WindowsStandalone.Extensions.dll
Registered in 0.004006 seconds.
Native extension for WindowsStandalone target not found
Native extension for WebGL target not found
Refreshing native plugins compatible for Editor in 81.45 ms, found 2 plugins.
Preloading 0 native plugins for Editor in 0.00 ms.
Mono: successfully reloaded assembly
- Completed reload, in  1.080 seconds
Domain Reload Profiling:
	ReloadAssembly (1081ms)
		BeginReloadAssembly (116ms)
			ExecutionOrderSort (0ms)
			DisableScriptedObjects (0ms)
			BackupInstance (0ms)
			ReleaseScriptingObjects (0ms)
			CreateAndSetChildDomain (1ms)
		EndReloadAssembly (880ms)
			LoadAssemblies (115ms)
			RebuildTransferFunctionScriptingTraits (0ms)
			SetupTypeCache (122ms)
			ReleaseScriptCaches (0ms)
			RebuildScriptCaches (29ms)
			SetupLoadedEditorAssemblies (679ms)
				LogAssemblyErrors (0ms)
				InitializePlatformSupportModulesInManaged (18ms)
				SetLoadedEditorAssemblies (0ms)
				RefreshPlugins (82ms)
				BeforeProcessingInitializeOnLoad (3ms)
				ProcessInitializeOnLoadAttributes (482ms)
				ProcessInitializeOnLoadMethodAttributes (94ms)
				AfterProcessingInitializeOnLoad (0ms)
				EditorAssembliesLoaded (0ms)
			ExecutionOrderSort2 (0ms)
			AwakeInstancesAfterBackupRestoration (0ms)
Platform modules already initialized, skipping
Registering precompiled user dll's ...
Registered in 0.021830 seconds.
Begin MonoManager ReloadAssembly
Native extension for WindowsStandalone target not found
Native extension for WebGL target not found
Refreshing native plugins compatible for Editor in 71.73 ms, found 2 plugins.
Preloading 0 native plugins for Editor in 0.00 ms.
Mono: successfully reloaded assembly
- Completed reload, in  5.006 seconds
Domain Reload Profiling:
	ReloadAssembly (5007ms)
		BeginReloadAssembly (1279ms)
			ExecutionOrderSort (0ms)
			DisableScriptedObjects (14ms)
			BackupInstance (0ms)
			ReleaseScriptingObjects (0ms)
			CreateAndSetChildDomain (29ms)
		EndReloadAssembly (3425ms)
			LoadAssemblies (1604ms)
			RebuildTransferFunctionScriptingTraits (0ms)
			SetupTypeCache (446ms)
			ReleaseScriptCaches (1ms)
			RebuildScriptCaches (70ms)
			SetupLoadedEditorAssemblies (1951ms)
				LogAssemblyErrors (0ms)
				InitializePlatformSupportModulesInManaged (17ms)
				SetLoadedEditorAssemblies (0ms)
				RefreshPlugins (72ms)
				BeforeProcessingInitializeOnLoad (100ms)
				ProcessInitializeOnLoadAttributes (1563ms)
				ProcessInitializeOnLoadMethodAttributes (196ms)
				AfterProcessingInitializeOnLoad (3ms)
				EditorAssembliesLoaded (0ms)
			ExecutionOrderSort2 (0ms)
			AwakeInstancesAfterBackupRestoration (15ms)
Platform modules already initialized, skipping
========================================================================
Worker process is ready to serve import requests
Launched and connected shader compiler UnityShaderCompiler.exe after 0.13 seconds
Refreshing native plugins compatible for Editor in 1.04 ms, found 2 plugins.
Preloading 0 native plugins for Editor in 0.00 ms.
Unloading 3443 Unused Serialized files (Serialized files now loaded: 0)
Unloading 43 unused Assets / (0.8 MB). Loaded Objects now: 3904.
Memory consumption went from 161.2 MB to 160.5 MB.
Total: 4.596800 ms (FindLiveObjects: 0.294500 ms CreateObjectMapping: 0.193400 ms MarkObjects: 3.801000 ms  DeleteObjects: 0.307000 ms)

AssetImportParameters requested are different than current active one (requested -> active):
  custom:video-decoder-ogg-theora: a1e56fd34408186e4bbccfd4996cb3dc -> 
  custom:container-muxer-webm: aa71ff27fc2769a1b78a27578f13a17b -> 
  custom:container-demuxer-webm: 4f35f7cbe854078d1ac9338744f61a02 -> 
  custom:video-encoder-webm-vp8: eb34c28f22e8b96e1ab97ce403110664 -> 
  custom:audio-encoder-webm-vorbis: bf7c407c2cedff20999df2af8eb42d56 -> 
  custom:framework-win-MediaFoundation: 216162199b28c13a410421893ffa2e32 -> 
  custom:container-demuxer-ogg: 62fdf1f143b41e24485cea50d1cbac27 -> 
  custom:video-decoder-webm-vp8: 9c59270c3fd7afecdb556c50c9e8de78 -> 
  custom:audio-decoder-ogg-vorbis: bf7c407c2cedff20999df2af8eb42d56 -> 
========================================================================
Received Import Request.
  Time since last request: 7365.355095 seconds.
  path: Assets/Prefabs/DecorativeObjects/BrokenVector/Models/Tree Type4 05.dae
  artifactKey: Guid(05f4a294fb6ca7e4c87b33948d1ebec3) Importer(815301076,1909f56bfc062723c751e8b465ee728b)
Start importing Assets/Prefabs/DecorativeObjects/BrokenVector/Models/Tree Type4 05.dae using Guid(05f4a294fb6ca7e4c87b33948d1ebec3) Importer(815301076,1909f56bfc062723c751e8b465ee728b)  -> (artifact id: '19c51589286ff312814ef15e2202c6ae') in 3.840677 seconds 
========================================================================
Received Import Request.
  Time since last request: 0.000036 seconds.
  path: Assets/Prefabs/DecorativeObjects/BrokenVector/Models/Tree Type5 02.dae
  artifactKey: Guid(eec2a0a67f1c8b243a386ec359eda522) Importer(815301076,1909f56bfc062723c751e8b465ee728b)
Start importing Assets/Prefabs/DecorativeObjects/BrokenVector/Models/Tree Type5 02.dae using Guid(eec2a0a67f1c8b243a386ec359eda522) Importer(815301076,1909f56bfc062723c751e8b465ee728b)  -> (artifact id: '1d2eeaaac6297bfbf98ecb0eab70e01b') in 0.034739 seconds 
========================================================================
Received Import Request.
  Time since last request: 0.000051 seconds.
  path: Assets/Prefabs/DecorativeObjects/BrokenVector/Models
  artifactKey: Guid(988f3dbd4cdadd84a8e393bdf70d8bf2) Importer(815301076,1909f56bfc062723c751e8b465ee728b)
Start importing Assets/Prefabs/DecorativeObjects/BrokenVector/Models using Guid(988f3dbd4cdadd84a8e393bdf70d8bf2) Importer(815301076,1909f56bfc062723c751e8b465ee728b)  -> (artifact id: 'cb37fe1c0be6c3d9ea59a0bda7046b3e') in 0.005662 seconds 
========================================================================
Received Import Request.
  Time since last request: 0.000031 seconds.
  path: Assets/Prefabs/DecorativeObjects/BrokenVector/Models/Tree Type6 03.dae
  artifactKey: Guid(f6e7f2100b2c5544d94468d977d66b29) Importer(815301076,1909f56bfc062723c751e8b465ee728b)
Start importing Assets/Prefabs/DecorativeObjects/BrokenVector/Models/Tree Type6 03.dae using Guid(f6e7f2100b2c5544d94468d977d66b29) Importer(815301076,1909f56bfc062723c751e8b465ee728b)  -> (artifact id: '55d4281afebde3df7d9382a516e38e2c') in 0.019832 seconds 
========================================================================
Received Import Request.
  Time since last request: 0.000020 seconds.
  path: Assets/Prefabs/DecorativeObjects/BrokenVector/Models/Tree Type7 02.dae
  artifactKey: Guid(819c10f136958e549bf2eb4702b8f111) Importer(815301076,1909f56bfc062723c751e8b465ee728b)
Start importing Assets/Prefabs/DecorativeObjects/BrokenVector/Models/Tree Type7 02.dae using Guid(819c10f136958e549bf2eb4702b8f111) Importer(815301076,1909f56bfc062723c751e8b465ee728b)  -> (artifact id: 'cb645347a24ea23c0460755a958abb6f') in 0.016938 seconds 
========================================================================
Received Import Request.
  Time since last request: 0.000024 seconds.
  path: Assets/Prefabs/DecorativeObjects/BrokenVector/Models/Tree Type6 02.dae
  artifactKey: Guid(a502c85dd672f8d428b76fd14220881f) Importer(815301076,1909f56bfc062723c751e8b465ee728b)
Start importing Assets/Prefabs/DecorativeObjects/BrokenVector/Models/Tree Type6 02.dae using Guid(a502c85dd672f8d428b76fd14220881f) Importer(815301076,1909f56bfc062723c751e8b465ee728b)  -> (artifact id: 'c46d23521fe99df278cf37354fca9ad9') in 0.029128 seconds 
========================================================================
Received Import Request.
  Time since last request: 0.000024 seconds.
  path: Assets/Prefabs/DecorativeObjects/BrokenVector/Models/Tree Type7 03.dae
  artifactKey: Guid(32b2d01a42b6ac84d9e11d5f05c569e1) Importer(815301076,1909f56bfc062723c751e8b465ee728b)
Start importing Assets/Prefabs/DecorativeObjects/BrokenVector/Models/Tree Type7 03.dae using Guid(32b2d01a42b6ac84d9e11d5f05c569e1) Importer(815301076,1909f56bfc062723c751e8b465ee728b)  -> (artifact id: 'e45b45d4343193f0165c566cb5bd401a') in 0.028275 seconds 
========================================================================
Received Import Request.
  Time since last request: 0.000036 seconds.
  path: Assets/Prefabs/DecorativeObjects/BrokenVector/Models/Tree Type5 01.dae
  artifactKey: Guid(dfc73e1f73ca4d64da934fb2dcb38e9d) Importer(815301076,1909f56bfc062723c751e8b465ee728b)
Start importing Assets/Prefabs/DecorativeObjects/BrokenVector/Models/Tree Type5 01.dae using Guid(dfc73e1f73ca4d64da934fb2dcb38e9d) Importer(815301076,1909f56bfc062723c751e8b465ee728b)  -> (artifact id: '4cd0742874369edcfc3635d9cc2b9c47') in 0.021201 seconds 
========================================================================
Received Import Request.
  Time since last request: 0.000038 seconds.
  path: Assets/Prefabs/DecorativeObjects/BrokenVector/Materials/Snow.mat
  artifactKey: Guid(cc6147623c21c364b97d5427be3e54d4) Importer(815301076,1909f56bfc062723c751e8b465ee728b)
Start importing Assets/Prefabs/DecorativeObjects/BrokenVector/Materials/Snow.mat using Guid(cc6147623c21c364b97d5427be3e54d4) Importer(815301076,1909f56bfc062723c751e8b465ee728b)  -> (artifact id: 'c7b9291ba17710d7be0fc586879ac251') in 0.208610 seconds 
========================================================================
Received Import Request.
  Time since last request: 0.000026 seconds.
  path: Assets/Prefabs/DecorativeObjects/BrokenVector/Models/Tree Type3 05.dae
  artifactKey: Guid(0658909382c77d041b643ae92bd27b82) Importer(815301076,1909f56bfc062723c751e8b465ee728b)
Start importing Assets/Prefabs/DecorativeObjects/BrokenVector/Models/Tree Type3 05.dae using Guid(0658909382c77d041b643ae92bd27b82) Importer(815301076,1909f56bfc062723c751e8b465ee728b)  -> (artifact id: '989220bbd26b5b7804d8ba72e0097d27') in 0.047070 seconds 
========================================================================
Received Import Request.
  Time since last request: 0.000027 seconds.
  path: Assets/Prefabs/DecorativeObjects/BrokenVector/Models/Tree Type3 04.dae
  artifactKey: Guid(f52689dc8ea801b46874ff4a4a6c328a) Importer(815301076,1909f56bfc062723c751e8b465ee728b)
Start importing Assets/Prefabs/DecorativeObjects/BrokenVector/Models/Tree Type3 04.dae using Guid(f52689dc8ea801b46874ff4a4a6c328a) Importer(815301076,1909f56bfc062723c751e8b465ee728b)  -> (artifact id: 'c55dcea9ab013e18c6b958807f5f5d9b') in 0.021405 seconds 
========================================================================
Received Import Request.
  Time since last request: 0.000027 seconds.
  path: Assets/Prefabs/DecorativeObjects/BrokenVector/Models/Tree Type1 03.dae
  artifactKey: Guid(dec71bb4e66221144b5db0af9e0f39d5) Importer(815301076,1909f56bfc062723c751e8b465ee728b)
Start importing Assets/Prefabs/DecorativeObjects/BrokenVector/Models/Tree Type1 03.dae using Guid(dec71bb4e66221144b5db0af9e0f39d5) Importer(815301076,1909f56bfc062723c751e8b465ee728b)  -> (artifact id: 'e16b86c37ed3b303c4b908fb40cf33db') in 0.021852 seconds 
========================================================================
Received Import Request.
  Time since last request: 0.000025 seconds.
  path: Assets/Prefabs/DecorativeObjects/BrokenVector/Materials/Normal.mat
  artifactKey: Guid(fe3e3b8ebc1a32647b48b7ea88f534a8) Importer(815301076,1909f56bfc062723c751e8b465ee728b)
Start importing Assets/Prefabs/DecorativeObjects/BrokenVector/Materials/Normal.mat using Guid(fe3e3b8ebc1a32647b48b7ea88f534a8) Importer(815301076,1909f56bfc062723c751e8b465ee728b)  -> (artifact id: 'cf7d8b9a0d58dcf708420f20e35b6813') in 0.035262 seconds 
========================================================================
Received Import Request.
  Time since last request: 0.000021 seconds.
  path: Assets/Prefabs/DecorativeObjects/BrokenVector/Models/Tree Type1 01.dae
  artifactKey: Guid(cb132eeaea305bc478721cc9b5cb57f8) Importer(815301076,1909f56bfc062723c751e8b465ee728b)
Start importing Assets/Prefabs/DecorativeObjects/BrokenVector/Models/Tree Type1 01.dae using Guid(cb132eeaea305bc478721cc9b5cb57f8) Importer(815301076,1909f56bfc062723c751e8b465ee728b)  -> (artifact id: 'e0a97d6e37d5a081fa446aa33e881b0d') in 0.015685 seconds 
========================================================================
Received Import Request.
  Time since last request: 0.000019 seconds.
  path: Assets/Prefabs/DecorativeObjects/BrokenVector/Models/Tree Type2 03.dae
  artifactKey: Guid(770b1e3321cb97344b7b5f9ccc2bfe56) Importer(815301076,1909f56bfc062723c751e8b465ee728b)
Start importing Assets/Prefabs/DecorativeObjects/BrokenVector/Models/Tree Type2 03.dae using Guid(770b1e3321cb97344b7b5f9ccc2bfe56) Importer(815301076,1909f56bfc062723c751e8b465ee728b)  -> (artifact id: 'a5d2c61b5f48cf7e31add3cbe0f11f1d') in 0.016762 seconds 
========================================================================
Received Import Request.
  Time since last request: 0.000023 seconds.
  path: Assets/Prefabs/DecorativeObjects/BrokenVector/Materials/Cold.mat
  artifactKey: Guid(d945c681c4504df439962c1a6f33d8af) Importer(815301076,1909f56bfc062723c751e8b465ee728b)
Start importing Assets/Prefabs/DecorativeObjects/BrokenVector/Materials/Cold.mat using Guid(d945c681c4504df439962c1a6f33d8af) Importer(815301076,1909f56bfc062723c751e8b465ee728b)  -> (artifact id: 'c284b2cb1d3e58ef6c80d8059fb2fb8f') in 0.013752 seconds 
========================================================================
Received Import Request.
  Time since last request: 0.000030 seconds.
  path: Assets/Prefabs/DecorativeObjects/BrokenVector/Models/Tree Type1 05.dae
  artifactKey: Guid(f6c597498257ae843adeb6a76dd3013e) Importer(815301076,1909f56bfc062723c751e8b465ee728b)
Start importing Assets/Prefabs/DecorativeObjects/BrokenVector/Models/Tree Type1 05.dae using Guid(f6c597498257ae843adeb6a76dd3013e) Importer(815301076,1909f56bfc062723c751e8b465ee728b)  -> (artifact id: 'b65f0bdf8c55c273cd2baa3aa4538484') in 0.018192 seconds 
========================================================================
Received Import Request.
  Time since last request: 0.000023 seconds.
  path: Assets/Prefabs/DecorativeObjects/BrokenVector/Textures/Colorsheet Tree Fall.png
  artifactKey: Guid(99897f7919c46fc43969a2a130434315) Importer(815301076,1909f56bfc062723c751e8b465ee728b)
Start importing Assets/Prefabs/DecorativeObjects/BrokenVector/Textures/Colorsheet Tree Fall.png using Guid(99897f7919c46fc43969a2a130434315) Importer(815301076,1909f56bfc062723c751e8b465ee728b)  -> (artifact id: 'ef6b2d837fb9489c75365e3808c88723') in 0.028721 seconds 
========================================================================
Received Import Request.
  Time since last request: 0.000018 seconds.
  path: Assets/Prefabs/DecorativeObjects/BrokenVector/Models/Tree Type2 05.dae
  artifactKey: Guid(08370ae33fad3da4a8357631f8a9f5ae) Importer(815301076,1909f56bfc062723c751e8b465ee728b)
Start importing Assets/Prefabs/DecorativeObjects/BrokenVector/Models/Tree Type2 05.dae using Guid(08370ae33fad3da4a8357631f8a9f5ae) Importer(815301076,1909f56bfc062723c751e8b465ee728b)  -> (artifact id: 'b67913f1f86ae96bc8d39e3f9e2bc563') in 0.016214 seconds 
========================================================================
Received Import Request.
  Time since last request: 0.000034 seconds.
  path: Assets/Prefabs/DecorativeObjects/BrokenVector/Models/Tree Type0 01.dae
  artifactKey: Guid(d2821924b86cff5439f12b0289585dbf) Importer(815301076,1909f56bfc062723c751e8b465ee728b)
Start importing Assets/Prefabs/DecorativeObjects/BrokenVector/Models/Tree Type0 01.dae using Guid(d2821924b86cff5439f12b0289585dbf) Importer(815301076,1909f56bfc062723c751e8b465ee728b)  -> (artifact id: 'fcfef25ae4857f60063f0ab60312eaaf') in 0.020880 seconds 
========================================================================
Received Import Request.
  Time since last request: 0.000021 seconds.
  path: Assets/Prefabs/DecorativeObjects/BrokenVector/Models/Tree Type1 02.dae
  artifactKey: Guid(e063977d54ec61849aacc1b8e9eafc6f) Importer(815301076,1909f56bfc062723c751e8b465ee728b)
Start importing Assets/Prefabs/DecorativeObjects/BrokenVector/Models/Tree Type1 02.dae using Guid(e063977d54ec61849aacc1b8e9eafc6f) Importer(815301076,1909f56bfc062723c751e8b465ee728b)  -> (artifact id: '1fcf028dfe7145f215bb7f1255b0e61d') in 0.017920 seconds 
========================================================================
Received Import Request.
  Time since last request: 0.000023 seconds.
  path: Assets/Prefabs/DecorativeObjects/BrokenVector/README.txt
  artifactKey: Guid(2a6c46a06dfbaf64ba6c90da74864785) Importer(815301076,1909f56bfc062723c751e8b465ee728b)
Start importing Assets/Prefabs/DecorativeObjects/BrokenVector/README.txt using Guid(2a6c46a06dfbaf64ba6c90da74864785) Importer(815301076,1909f56bfc062723c751e8b465ee728b)  -> (artifact id: 'db272d3ece64486032bc09faa61dc758') in 0.013647 seconds 
========================================================================
Received Import Request.
  Time since last request: 0.000026 seconds.
  path: Assets/Prefabs/DecorativeObjects/BrokenVector/Models/Tree Type3 01.dae
  artifactKey: Guid(5166d739d26f73246a2623515169479e) Importer(815301076,1909f56bfc062723c751e8b465ee728b)
Start importing Assets/Prefabs/DecorativeObjects/BrokenVector/Models/Tree Type3 01.dae using Guid(5166d739d26f73246a2623515169479e) Importer(815301076,1909f56bfc062723c751e8b465ee728b)  -> (artifact id: '49c1e2d06397e6a4ead8e0981fb9d7a7') in 0.018509 seconds 
========================================================================
Received Import Request.
  Time since last request: 0.000030 seconds.
  path: Assets/Prefabs/DecorativeObjects/BrokenVector/Models/Tree Type7 01.dae
  artifactKey: Guid(173d123c3e337ee4c9d101f4c77225f5) Importer(815301076,1909f56bfc062723c751e8b465ee728b)
Start importing Assets/Prefabs/DecorativeObjects/BrokenVector/Models/Tree Type7 01.dae using Guid(173d123c3e337ee4c9d101f4c77225f5) Importer(815301076,1909f56bfc062723c751e8b465ee728b)  -> (artifact id: '093561e9e1992be72f3c29ebb0c05f5b') in 0.017331 seconds 
========================================================================
Received Import Request.
  Time since last request: 0.000018 seconds.
  path: Assets/Prefabs/DecorativeObjects/BrokenVector/Models/Tree Type0 04.dae
  artifactKey: Guid(b4f0e46a9f630054c925d3d92d45584e) Importer(815301076,1909f56bfc062723c751e8b465ee728b)
Start importing Assets/Prefabs/DecorativeObjects/BrokenVector/Models/Tree Type0 04.dae using Guid(b4f0e46a9f630054c925d3d92d45584e) Importer(815301076,1909f56bfc062723c751e8b465ee728b)  -> (artifact id: '9d8bdb3396b416fcf5f905f7800d7ea7') in 0.040736 seconds 
========================================================================
Received Import Request.
  Time since last request: 0.000022 seconds.
  path: Assets/Prefabs/DecorativeObjects/BrokenVector/Models/Tree Type0 05.dae
  artifactKey: Guid(c8fd0d31d77530344baa4b459b8e221e) Importer(815301076,1909f56bfc062723c751e8b465ee728b)
Start importing Assets/Prefabs/DecorativeObjects/BrokenVector/Models/Tree Type0 05.dae using Guid(c8fd0d31d77530344baa4b459b8e221e) Importer(815301076,1909f56bfc062723c751e8b465ee728b)  -> (artifact id: '53c287aee0ac9560f0caed51a4e725de') in 0.016331 seconds 
========================================================================
Received Import Request.
  Time since last request: 0.000019 seconds.
  path: Assets/Prefabs/DecorativeObjects/BrokenVector/Models/Tree Type7 04.dae
  artifactKey: Guid(f59e9c62851aaed46bb0599645bdfdc2) Importer(815301076,1909f56bfc062723c751e8b465ee728b)
Start importing Assets/Prefabs/DecorativeObjects/BrokenVector/Models/Tree Type7 04.dae using Guid(f59e9c62851aaed46bb0599645bdfdc2) Importer(815301076,1909f56bfc062723c751e8b465ee728b)  -> (artifact id: '828771fcaab4d80ce7da9c29d3345b6e') in 0.015649 seconds 
========================================================================
Received Import Request.
  Time since last request: 117.815747 seconds.
  path: Assets/Prefabs/World Generator.prefab
  artifactKey: Guid(217ba53cc5bb3694b89852a23f89c12e) Importer(815301076,1909f56bfc062723c751e8b465ee728b)
Start importing Assets/Prefabs/World Generator.prefab using Guid(217ba53cc5bb3694b89852a23f89c12e) Importer(815301076,1909f56bfc062723c751e8b465ee728b)  -> (artifact id: '8e0e5a45fecd0f173c57c7323e6bfac6') in 0.087177 seconds 
========================================================================
Received Import Request.
  Time since last request: 5.268026 seconds.
  path: Assets/Prefabs/SimpleNaturePack/Prefabs/Bush_01.prefab
  artifactKey: Guid(3cdafb3c2f54d434894928d72d282874) Importer(815301076,1909f56bfc062723c751e8b465ee728b)
Start importing Assets/Prefabs/SimpleNaturePack/Prefabs/Bush_01.prefab using Guid(3cdafb3c2f54d434894928d72d282874) Importer(815301076,1909f56bfc062723c751e8b465ee728b)  -> (artifact id: '3f91e0f4c2b362d5344734ccb18d9e4f') in 0.022319 seconds 
========================================================================
Received Import Request.
  Time since last request: 0.000018 seconds.
  path: Assets/Prefabs/SimpleNaturePack/Prefabs/Tree_01.prefab
  artifactKey: Guid(88f2fd29f58b9734683512546acec310) Importer(815301076,1909f56bfc062723c751e8b465ee728b)
Start importing Assets/Prefabs/SimpleNaturePack/Prefabs/Tree_01.prefab using Guid(88f2fd29f58b9734683512546acec310) Importer(815301076,1909f56bfc062723c751e8b465ee728b)  -> (artifact id: '872747327abcf56b885ce4a8098ba01b') in 0.013787 seconds 
========================================================================
Received Import Request.
  Time since last request: 0.000028 seconds.
  path: Assets/Prefabs/SimpleNaturePack/Prefabs/Mushroom_01.prefab
  artifactKey: Guid(ff62b58c5a9ea164fa8ddf8038e10cd1) Importer(815301076,1909f56bfc062723c751e8b465ee728b)
Start importing Assets/Prefabs/SimpleNaturePack/Prefabs/Mushroom_01.prefab using Guid(ff62b58c5a9ea164fa8ddf8038e10cd1) Importer(815301076,1909f56bfc062723c751e8b465ee728b)  -> (artifact id: '85cea281c976200308ce71ae08e8575d') in 0.018398 seconds 
========================================================================
Received Import Request.
  Time since last request: 0.000031 seconds.
  path: Assets/Prefabs/SimpleNaturePack/Prefabs/Grass_02.prefab
  artifactKey: Guid(ffbddc4ef9676cc419e81e06aaa836d8) Importer(815301076,1909f56bfc062723c751e8b465ee728b)
Start importing Assets/Prefabs/SimpleNaturePack/Prefabs/Grass_02.prefab using Guid(ffbddc4ef9676cc419e81e06aaa836d8) Importer(815301076,1909f56bfc062723c751e8b465ee728b)  -> (artifact id: 'edc45cf48b7f1b158cfbf9e231a183ce') in 0.015413 seconds 
========================================================================
Received Import Request.
  Time since last request: 0.000024 seconds.
  path: Assets/Prefabs/SimpleNaturePack/Prefabs/Rock_01.prefab
  artifactKey: Guid(c6308cb7062fac34e8e50600086b12a1) Importer(815301076,1909f56bfc062723c751e8b465ee728b)
Start importing Assets/Prefabs/SimpleNaturePack/Prefabs/Rock_01.prefab using Guid(c6308cb7062fac34e8e50600086b12a1) Importer(815301076,1909f56bfc062723c751e8b465ee728b)  -> (artifact id: '0adadfe44fbe5d2a9b515083ad542a1f') in 0.016632 seconds 
========================================================================
Received Import Request.
  Time since last request: 0.000037 seconds.
  path: Assets/Prefabs/SimpleNaturePack/Prefabs/Grass_01.prefab
  artifactKey: Guid(f1fc5bb90ac285e4486771552d63bcb8) Importer(815301076,1909f56bfc062723c751e8b465ee728b)
Start importing Assets/Prefabs/SimpleNaturePack/Prefabs/Grass_01.prefab using Guid(f1fc5bb90ac285e4486771552d63bcb8) Importer(815301076,1909f56bfc062723c751e8b465ee728b)  -> (artifact id: 'f1a25e80b7557811664641c1a6e137d1') in 0.017957 seconds 
========================================================================
Received Import Request.
  Time since last request: 0.000031 seconds.
  path: Assets/Prefabs/SimpleNaturePack/Prefabs/Ground_01.prefab
  artifactKey: Guid(ebee340de387f334f9ac44e044abd8fb) Importer(815301076,1909f56bfc062723c751e8b465ee728b)
Start importing Assets/Prefabs/SimpleNaturePack/Prefabs/Ground_01.prefab using Guid(ebee340de387f334f9ac44e044abd8fb) Importer(815301076,1909f56bfc062723c751e8b465ee728b)  -> (artifact id: '78b2a93d92e748681fd1fe06ca36f5bd') in 0.016321 seconds 
========================================================================
Received Import Request.
  Time since last request: 0.000047 seconds.
  path: Assets/Prefabs/SimpleNaturePack/Prefabs/Stump_01.prefab
  artifactKey: Guid(eebb56c82efbd8d4bb0eb6bd925a0e9d) Importer(815301076,1909f56bfc062723c751e8b465ee728b)
Start importing Assets/Prefabs/SimpleNaturePack/Prefabs/Stump_01.prefab using Guid(eebb56c82efbd8d4bb0eb6bd925a0e9d) Importer(815301076,1909f56bfc062723c751e8b465ee728b)  -> (artifact id: 'a82c1a3d4a0cc9b34a438519a6811333') in 0.013058 seconds 
========================================================================
Received Import Request.
  Time since last request: 0.000023 seconds.
  path: Assets/Prefabs/SimpleNaturePack/Prefabs/Ground_02.prefab
  artifactKey: Guid(e2e682b966e3f644392ffbfab511e0e2) Importer(815301076,1909f56bfc062723c751e8b465ee728b)
Start importing Assets/Prefabs/SimpleNaturePack/Prefabs/Ground_02.prefab using Guid(e2e682b966e3f644392ffbfab511e0e2) Importer(815301076,1909f56bfc062723c751e8b465ee728b)  -> (artifact id: '5bdc3a08e52b96e81c0e2655eed8d9e7') in 0.014288 seconds 
========================================================================
Received Import Request.
  Time since last request: 3.211926 seconds.
  path: Assets/Prefabs/SimpleNaturePack/Materials/SimpleNaturePack_Texture_01.mat
  artifactKey: Guid(93caadf4359ae8143aad35b3145d31af) Importer(815301076,1909f56bfc062723c751e8b465ee728b)
Start importing Assets/Prefabs/SimpleNaturePack/Materials/SimpleNaturePack_Texture_01.mat using Guid(93caadf4359ae8143aad35b3145d31af) Importer(815301076,1909f56bfc062723c751e8b465ee728b)  -> (artifact id: '0935f6074b45c5127948e42394da50f4') in 0.073835 seconds 
========================================================================
Received Import Request.
  Time since last request: 31.817149 seconds.
  path: Assets/Prefabs/SimpleNaturePack/Prefabs/Bush_01.prefab
  artifactKey: Guid(3cdafb3c2f54d434894928d72d282874) Importer(815301076,1909f56bfc062723c751e8b465ee728b)
Start importing Assets/Prefabs/SimpleNaturePack/Prefabs/Bush_01.prefab using Guid(3cdafb3c2f54d434894928d72d282874) Importer(815301076,1909f56bfc062723c751e8b465ee728b)  -> (artifact id: '6357ee8b0bd1b0305fa0bffc12fb9dbd') in 0.016880 seconds 
========================================================================
Received Import Request.
  Time since last request: 0.000022 seconds.
  path: Assets/Prefabs/SimpleNaturePack/Prefabs/Tree_01.prefab
  artifactKey: Guid(88f2fd29f58b9734683512546acec310) Importer(815301076,1909f56bfc062723c751e8b465ee728b)
Start importing Assets/Prefabs/SimpleNaturePack/Prefabs/Tree_01.prefab using Guid(88f2fd29f58b9734683512546acec310) Importer(815301076,1909f56bfc062723c751e8b465ee728b)  -> (artifact id: '887e751e6a4f30dc0a0501b2c2baa726') in 0.013415 seconds 
========================================================================
Received Import Request.
  Time since last request: 0.000037 seconds.
  path: Assets/Prefabs/SimpleNaturePack/Prefabs/Mushroom_02.prefab
  artifactKey: Guid(494f6d43e170e9145bc7865d243ee00b) Importer(815301076,1909f56bfc062723c751e8b465ee728b)
Start importing Assets/Prefabs/SimpleNaturePack/Prefabs/Mushroom_02.prefab using Guid(494f6d43e170e9145bc7865d243ee00b) Importer(815301076,1909f56bfc062723c751e8b465ee728b)  -> (artifact id: '35e9e037364841be19ad36d27ab0cfea') in 0.014900 seconds 
========================================================================
Received Import Request.
  Time since last request: 0.000018 seconds.
  path: Assets/Prefabs/SimpleNaturePack/Prefabs/Rock_03.prefab
  artifactKey: Guid(0fde05fa0f3321942a21896ff4f0856f) Importer(815301076,1909f56bfc062723c751e8b465ee728b)
Start importing Assets/Prefabs/SimpleNaturePack/Prefabs/Rock_03.prefab using Guid(0fde05fa0f3321942a21896ff4f0856f) Importer(815301076,1909f56bfc062723c751e8b465ee728b)  -> (artifact id: 'c54fc391250fd89fbe93cd7cf53a9ccd') in 0.014580 seconds 
========================================================================
Received Import Request.
  Time since last request: 0.000018 seconds.
  path: Assets/Prefabs/SimpleNaturePack/Prefabs/Rock_01.prefab
  artifactKey: Guid(c6308cb7062fac34e8e50600086b12a1) Importer(815301076,1909f56bfc062723c751e8b465ee728b)
Start importing Assets/Prefabs/SimpleNaturePack/Prefabs/Rock_01.prefab using Guid(c6308cb7062fac34e8e50600086b12a1) Importer(815301076,1909f56bfc062723c751e8b465ee728b)  -> (artifact id: 'c0ac391c73b182f4ce23d6f202f8a403') in 0.012440 seconds 
========================================================================
Received Import Request.
  Time since last request: 0.000018 seconds.
  path: Assets/Prefabs/SimpleNaturePack/Prefabs/Grass_01.prefab
  artifactKey: Guid(f1fc5bb90ac285e4486771552d63bcb8) Importer(815301076,1909f56bfc062723c751e8b465ee728b)
Start importing Assets/Prefabs/SimpleNaturePack/Prefabs/Grass_01.prefab using Guid(f1fc5bb90ac285e4486771552d63bcb8) Importer(815301076,1909f56bfc062723c751e8b465ee728b)  -> (artifact id: '80ff64848fcf625ebb4099418023c107') in 0.020391 seconds 
========================================================================
Received Import Request.
  Time since last request: 0.000028 seconds.
  path: Assets/Prefabs/SimpleNaturePack/Prefabs/Ground_01.prefab
  artifactKey: Guid(ebee340de387f334f9ac44e044abd8fb) Importer(815301076,1909f56bfc062723c751e8b465ee728b)
Start importing Assets/Prefabs/SimpleNaturePack/Prefabs/Ground_01.prefab using Guid(ebee340de387f334f9ac44e044abd8fb) Importer(815301076,1909f56bfc062723c751e8b465ee728b)  -> (artifact id: '68f9ffe22064c2bcb90005416d4c2bc1') in 0.014846 seconds 
========================================================================
Received Import Request.
  Time since last request: 0.000019 seconds.
  path: Assets/Prefabs/SimpleNaturePack/Prefabs/Stump_01.prefab
  artifactKey: Guid(eebb56c82efbd8d4bb0eb6bd925a0e9d) Importer(815301076,1909f56bfc062723c751e8b465ee728b)
Start importing Assets/Prefabs/SimpleNaturePack/Prefabs/Stump_01.prefab using Guid(eebb56c82efbd8d4bb0eb6bd925a0e9d) Importer(815301076,1909f56bfc062723c751e8b465ee728b)  -> (artifact id: '41df157854e9071d94005a44910e83ff') in 0.016111 seconds 
========================================================================
Received Import Request.
  Time since last request: 0.000021 seconds.
  path: Assets/Prefabs/SimpleNaturePack/Prefabs/Ground_02.prefab
  artifactKey: Guid(e2e682b966e3f644392ffbfab511e0e2) Importer(815301076,1909f56bfc062723c751e8b465ee728b)
Start importing Assets/Prefabs/SimpleNaturePack/Prefabs/Ground_02.prefab using Guid(e2e682b966e3f644392ffbfab511e0e2) Importer(815301076,1909f56bfc062723c751e8b465ee728b)  -> (artifact id: '66b6f4280431b39af8ecd7bdcb1826c4') in 0.013597 seconds 
========================================================================
Received Import Request.
  Time since last request: 78.043904 seconds.
  path: Assets/Prefabs/SimpleNaturePack/Bush_01.prefab
  artifactKey: Guid(3cdafb3c2f54d434894928d72d282874) Importer(815301076,1909f56bfc062723c751e8b465ee728b)
Start importing Assets/Prefabs/SimpleNaturePack/Bush_01.prefab using Guid(3cdafb3c2f54d434894928d72d282874) Importer(815301076,1909f56bfc062723c751e8b465ee728b)  -> (artifact id: 'bb0f01b3768defcf659eacb4e9b79891') in 0.015632 seconds 
========================================================================
Received Import Request.
  Time since last request: 0.000020 seconds.
  path: Assets/Prefabs/SimpleNaturePack/Rock_02.prefab
  artifactKey: Guid(cebfacc247a640945a2c30b442202fca) Importer(815301076,1909f56bfc062723c751e8b465ee728b)
Start importing Assets/Prefabs/SimpleNaturePack/Rock_02.prefab using Guid(cebfacc247a640945a2c30b442202fca) Importer(815301076,1909f56bfc062723c751e8b465ee728b)  -> (artifact id: '9f54cbc274c4999a4ca004db00432571') in 0.013404 seconds 
========================================================================
Received Import Request.
  Time since last request: 0.000021 seconds.
  path: Assets/Prefabs/SimpleNaturePack/Mushroom_02.prefab
  artifactKey: Guid(494f6d43e170e9145bc7865d243ee00b) Importer(815301076,1909f56bfc062723c751e8b465ee728b)
Start importing Assets/Prefabs/SimpleNaturePack/Mushroom_02.prefab using Guid(494f6d43e170e9145bc7865d243ee00b) Importer(815301076,1909f56bfc062723c751e8b465ee728b)  -> (artifact id: '024a3e03e7c2f741316e416e017effdc') in 0.015484 seconds 
========================================================================
Received Import Request.
  Time since last request: 0.000027 seconds.
  path: Assets/Prefabs/SimpleNaturePack/Rock_03.prefab
  artifactKey: Guid(0fde05fa0f3321942a21896ff4f0856f) Importer(815301076,1909f56bfc062723c751e8b465ee728b)
Start importing Assets/Prefabs/SimpleNaturePack/Rock_03.prefab using Guid(0fde05fa0f3321942a21896ff4f0856f) Importer(815301076,1909f56bfc062723c751e8b465ee728b)  -> (artifact id: '2bb45ffd7fa6160e90a759e172ad7c86') in 0.013338 seconds 
========================================================================
Received Import Request.
  Time since last request: 0.000021 seconds.
  path: Assets/Prefabs/SimpleNaturePack/Tree_03.prefab
  artifactKey: Guid(c60edd51c065ceb46b345849a03bc106) Importer(815301076,1909f56bfc062723c751e8b465ee728b)
Start importing Assets/Prefabs/SimpleNaturePack/Tree_03.prefab using Guid(c60edd51c065ceb46b345849a03bc106) Importer(815301076,1909f56bfc062723c751e8b465ee728b)  -> (artifact id: '5d852dae4bd2a2b7f19aae0fdd3c2570') in 0.013058 seconds 
========================================================================
Received Import Request.
  Time since last request: 0.000026 seconds.
  path: Assets/Prefabs/SimpleNaturePack/Rock_04.prefab
  artifactKey: Guid(f02116c209ecd9e488fc4d2cd8996133) Importer(815301076,1909f56bfc062723c751e8b465ee728b)
Start importing Assets/Prefabs/SimpleNaturePack/Rock_04.prefab using Guid(f02116c209ecd9e488fc4d2cd8996133) Importer(815301076,1909f56bfc062723c751e8b465ee728b)  -> (artifact id: 'baf8df4b4b20efdc312244eac21c163b') in 0.014717 seconds 
========================================================================
Received Import Request.
  Time since last request: 0.000031 seconds.
  path: Assets/Prefabs/SimpleNaturePack/Ground_03.prefab
  artifactKey: Guid(3f9b178ccd3b86f4ebbfc1f5a2815e56) Importer(815301076,1909f56bfc062723c751e8b465ee728b)
Start importing Assets/Prefabs/SimpleNaturePack/Ground_03.prefab using Guid(3f9b178ccd3b86f4ebbfc1f5a2815e56) Importer(815301076,1909f56bfc062723c751e8b465ee728b)  -> (artifact id: 'efbf688eb4b2b52b1959553910127d9f') in 0.014215 seconds 
========================================================================
Received Import Request.
  Time since last request: 0.000026 seconds.
  path: Assets/Prefabs/SimpleNaturePack/Tree_02.prefab
  artifactKey: Guid(e289bf5debb17f6459818c207d781953) Importer(815301076,1909f56bfc062723c751e8b465ee728b)
Start importing Assets/Prefabs/SimpleNaturePack/Tree_02.prefab using Guid(e289bf5debb17f6459818c207d781953) Importer(815301076,1909f56bfc062723c751e8b465ee728b)  -> (artifact id: 'a0d3f18ea2f880c2804f6e91a3360f97') in 0.012181 seconds 
========================================================================
Received Import Request.
  Time since last request: 0.000043 seconds.
  path: Assets/Prefabs/SimpleNaturePack/Bush_02.prefab
  artifactKey: Guid(b71b0f8d2f881c743a85228f3030d1cb) Importer(815301076,1909f56bfc062723c751e8b465ee728b)
Start importing Assets/Prefabs/SimpleNaturePack/Bush_02.prefab using Guid(b71b0f8d2f881c743a85228f3030d1cb) Importer(815301076,1909f56bfc062723c751e8b465ee728b)  -> (artifact id: 'bbeef5edf1d80c82725d29d2d81e560d') in 0.015704 seconds 
========================================================================
Received Import Request.
  Time since last request: 5.776592 seconds.
  path: Assets/Prefabs/SimpleNaturePack/Materials/SimpleNaturePack_Texture_01.mat
  artifactKey: Guid(93caadf4359ae8143aad35b3145d31af) Importer(815301076,1909f56bfc062723c751e8b465ee728b)
Start importing Assets/Prefabs/SimpleNaturePack/Materials/SimpleNaturePack_Texture_01.mat using Guid(93caadf4359ae8143aad35b3145d31af) Importer(815301076,1909f56bfc062723c751e8b465ee728b)  -> (artifact id: 'a643a7da6b7467bb5f84bdd4fd698992') in 0.012724 seconds 
========================================================================
Received Import Request.
  Time since last request: 377.172994 seconds.
  path: Assets/Prefabs/LowPoly_Foliage/Models/Plants/Plant_a_02.fbx
  artifactKey: Guid(298e3beb23283694c8b29ff2567374da) Importer(815301076,1909f56bfc062723c751e8b465ee728b)
Start importing Assets/Prefabs/LowPoly_Foliage/Models/Plants/Plant_a_02.fbx using Guid(298e3beb23283694c8b29ff2567374da) Importer(815301076,1909f56bfc062723c751e8b465ee728b)  -> (artifact id: '88ecda2b35d1d279730b3105cda626e3') in 0.105987 seconds 
========================================================================
Received Import Request.
  Time since last request: 0.000034 seconds.
  path: Assets/Prefabs/LowPoly_Foliage/Models/Plants/Plant_f_02.fbx
  artifactKey: Guid(0b876235151f5694aa743b7b42d4733b) Importer(815301076,1909f56bfc062723c751e8b465ee728b)
Start importing Assets/Prefabs/LowPoly_Foliage/Models/Plants/Plant_f_02.fbx using Guid(0b876235151f5694aa743b7b42d4733b) Importer(815301076,1909f56bfc062723c751e8b465ee728b)  -> (artifact id: 'cc2b2eb02c9cab12755c72122fbe1c9b') in 0.045522 seconds 
========================================================================
Received Import Request.
  Time since last request: 0.000023 seconds.
  path: Assets/Prefabs/LowPoly_Foliage/Models/Plants/Plant_c_01.fbx
  artifactKey: Guid(e34db991f89c4764fa6c1bf0b0d58e81) Importer(815301076,1909f56bfc062723c751e8b465ee728b)
Start importing Assets/Prefabs/LowPoly_Foliage/Models/Plants/Plant_c_01.fbx using Guid(e34db991f89c4764fa6c1bf0b0d58e81) Importer(815301076,1909f56bfc062723c751e8b465ee728b)  -> (artifact id: 'da52db016b849207090813bfef6973f7') in 0.056069 seconds 
========================================================================
Received Import Request.
  Time since last request: 0.000028 seconds.
  path: Assets/Prefabs/LowPoly_Foliage/Models/Plants/Plant_h_02.fbx
  artifactKey: Guid(6bd72acd2ff6a7e438dfb5c05c6957b5) Importer(815301076,1909f56bfc062723c751e8b465ee728b)
Start importing Assets/Prefabs/LowPoly_Foliage/Models/Plants/Plant_h_02.fbx using Guid(6bd72acd2ff6a7e438dfb5c05c6957b5) Importer(815301076,1909f56bfc062723c751e8b465ee728b)  -> (artifact id: '562fcfa18e4b68c2bac585251f69acde') in 0.040024 seconds 
========================================================================
Received Import Request.
  Time since last request: 0.000023 seconds.
  path: Assets/Prefabs/LowPoly_Foliage/Models/Plants/Plant_e_01.fbx
  artifactKey: Guid(77bdde2cac1905342a74f030f1901fe9) Importer(815301076,1909f56bfc062723c751e8b465ee728b)
Start importing Assets/Prefabs/LowPoly_Foliage/Models/Plants/Plant_e_01.fbx using Guid(77bdde2cac1905342a74f030f1901fe9) Importer(815301076,1909f56bfc062723c751e8b465ee728b)  -> (artifact id: '7de72295047ef337c21b94e9717be9dc') in 0.042452 seconds 
========================================================================
Received Import Request.
  Time since last request: 0.000030 seconds.
  path: Assets/Prefabs/LowPoly_Foliage/Models/Plants/Plant_b_03.fbx
  artifactKey: Guid(659a550f259695740b3cb0d0fc18ae48) Importer(815301076,1909f56bfc062723c751e8b465ee728b)
Start importing Assets/Prefabs/LowPoly_Foliage/Models/Plants/Plant_b_03.fbx using Guid(659a550f259695740b3cb0d0fc18ae48) Importer(815301076,1909f56bfc062723c751e8b465ee728b)  -> (artifact id: '5c868df4c2e668b47bff132e1520b6c7') in 0.048513 seconds 
========================================================================
Received Import Request.
  Time since last request: 0.000024 seconds.
  path: Assets/Prefabs/LowPoly_Foliage/Models/Plants/Plant_b_01.fbx
  artifactKey: Guid(d71910776241ab54db846514e252e030) Importer(815301076,1909f56bfc062723c751e8b465ee728b)
Start importing Assets/Prefabs/LowPoly_Foliage/Models/Plants/Plant_b_01.fbx using Guid(d71910776241ab54db846514e252e030) Importer(815301076,1909f56bfc062723c751e8b465ee728b)  -> (artifact id: 'd93c65f2d3e044e4c4bcf20c001135be') in 0.034637 seconds 
========================================================================
Received Import Request.
  Time since last request: 0.000027 seconds.
  path: Assets/Prefabs/LowPoly_Foliage/Models/Plants/Plant_e_02.fbx
  artifactKey: Guid(e97b73ea7fcdfb04c80f95c233816f99) Importer(815301076,1909f56bfc062723c751e8b465ee728b)
Start importing Assets/Prefabs/LowPoly_Foliage/Models/Plants/Plant_e_02.fbx using Guid(e97b73ea7fcdfb04c80f95c233816f99) Importer(815301076,1909f56bfc062723c751e8b465ee728b)  -> (artifact id: '3a82dfc79af15268782114a089729d81') in 0.034873 seconds 
========================================================================
Received Import Request.
  Time since last request: 0.000041 seconds.
  path: Assets/Prefabs/LowPoly_Foliage/Models/Plants/Plant_g_02.fbx
  artifactKey: Guid(80e6fecdff3c1a64591d48f3f78754f5) Importer(815301076,1909f56bfc062723c751e8b465ee728b)
Start importing Assets/Prefabs/LowPoly_Foliage/Models/Plants/Plant_g_02.fbx using Guid(80e6fecdff3c1a64591d48f3f78754f5) Importer(815301076,1909f56bfc062723c751e8b465ee728b)  -> (artifact id: 'fe30b7303c30b3454d7955bf46023bf9') in 0.039476 seconds 
========================================================================
Received Import Request.
  Time since last request: 0.000025 seconds.
  path: Assets/Prefabs/LowPoly_Foliage/Models/Plants/Plant_h_01.fbx
  artifactKey: Guid(8731d26bee3582344904d69dc3f678f3) Importer(815301076,1909f56bfc062723c751e8b465ee728b)
Start importing Assets/Prefabs/LowPoly_Foliage/Models/Plants/Plant_h_01.fbx using Guid(8731d26bee3582344904d69dc3f678f3) Importer(815301076,1909f56bfc062723c751e8b465ee728b)  -> (artifact id: '3f803d29b01ab47807fa36163d6fcc3c') in 0.034871 seconds 
========================================================================
Received Import Request.
  Time since last request: 0.000030 seconds.
  path: Assets/Prefabs/LowPoly_Foliage/Models/Plants/Plant_e_03.fbx
  artifactKey: Guid(83b754bd08f5a1242a0bc7fcbb954106) Importer(815301076,1909f56bfc062723c751e8b465ee728b)
Start importing Assets/Prefabs/LowPoly_Foliage/Models/Plants/Plant_e_03.fbx using Guid(83b754bd08f5a1242a0bc7fcbb954106) Importer(815301076,1909f56bfc062723c751e8b465ee728b)  -> (artifact id: '36cb0326f4fcaac5aa443f91e05ac58a') in 0.035793 seconds 
========================================================================
Received Import Request.
  Time since last request: 0.000030 seconds.
  path: Assets/Prefabs/LowPoly_Foliage/Models/Plants/Plant_a_03.fbx
  artifactKey: Guid(7ce80634a48a7074bbf533628c18a50c) Importer(815301076,1909f56bfc062723c751e8b465ee728b)
Start importing Assets/Prefabs/LowPoly_Foliage/Models/Plants/Plant_a_03.fbx using Guid(7ce80634a48a7074bbf533628c18a50c) Importer(815301076,1909f56bfc062723c751e8b465ee728b)  -> (artifact id: '063627d9340ca8863de567a331b4a634') in 0.036085 seconds 
========================================================================
Received Import Request.
  Time since last request: 0.000023 seconds.
  path: Assets/Prefabs/LowPoly_Foliage/Models/Plants/Plant_d_01.fbx
  artifactKey: Guid(7e51acfae3876294ebd7ad0f91fae6a4) Importer(815301076,1909f56bfc062723c751e8b465ee728b)
Start importing Assets/Prefabs/LowPoly_Foliage/Models/Plants/Plant_d_01.fbx using Guid(7e51acfae3876294ebd7ad0f91fae6a4) Importer(815301076,1909f56bfc062723c751e8b465ee728b)  -> (artifact id: '4dfb0dc182b141f8a7a1999c64268627') in 0.035852 seconds 
========================================================================
Received Import Request.
  Time since last request: 0.000023 seconds.
  path: Assets/Prefabs/LowPoly_Foliage/Models/Plants/Plant_d_03.fbx
  artifactKey: Guid(39d247d4d6b1741459e06c618bb1d751) Importer(815301076,1909f56bfc062723c751e8b465ee728b)
Start importing Assets/Prefabs/LowPoly_Foliage/Models/Plants/Plant_d_03.fbx using Guid(39d247d4d6b1741459e06c618bb1d751) Importer(815301076,1909f56bfc062723c751e8b465ee728b)  -> (artifact id: '4dfa11f7d76d29567d4b3c9ea2344916') in 0.035795 seconds 
========================================================================
Received Import Request.
  Time since last request: 1.777896 seconds.
  path: Assets/Prefabs/LowPoly_Foliage/Models/Plants/Materials/Leave_Green_01.mat
  artifactKey: Guid(6de4296607a807f469ada92db8eea81b) Importer(815301076,1909f56bfc062723c751e8b465ee728b)
Start importing Assets/Prefabs/LowPoly_Foliage/Models/Plants/Materials/Leave_Green_01.mat using Guid(6de4296607a807f469ada92db8eea81b) Importer(815301076,1909f56bfc062723c751e8b465ee728b)  -> (artifact id: '0804f30c6b882884cd9df49632a3d123') in 0.014795 seconds 
========================================================================
Received Import Request.
  Time since last request: 0.000020 seconds.
  path: Assets/Prefabs/LowPoly_Foliage/Models/Plants/Materials/Stem_Brown_01.mat
  artifactKey: Guid(bb37ec069d3efd84893b4772ee11f739) Importer(815301076,1909f56bfc062723c751e8b465ee728b)
Start importing Assets/Prefabs/LowPoly_Foliage/Models/Plants/Materials/Stem_Brown_01.mat using Guid(bb37ec069d3efd84893b4772ee11f739) Importer(815301076,1909f56bfc062723c751e8b465ee728b)  -> (artifact id: 'd1f9ccb952137a45ef8ddada0f82973f') in 0.011773 seconds 
========================================================================
Received Import Request.
  Time since last request: 0.000028 seconds.
  path: Assets/Prefabs/LowPoly_Foliage/Models/Plants/Materials/Leave_Green_03.mat
  artifactKey: Guid(866e233b850deae4f99b40922bd04a78) Importer(815301076,1909f56bfc062723c751e8b465ee728b)
Start importing Assets/Prefabs/LowPoly_Foliage/Models/Plants/Materials/Leave_Green_03.mat using Guid(866e233b850deae4f99b40922bd04a78) Importer(815301076,1909f56bfc062723c751e8b465ee728b)  -> (artifact id: '433e45452b81404bc88c49ce51d34d11') in 0.010628 seconds 
========================================================================
Received Import Request.
  Time since last request: 115.396603 seconds.
  path: Assets/Prefabs/LowPoly_Foliage/Models/Plants/Plant_a_02.fbx
  artifactKey: Guid(298e3beb23283694c8b29ff2567374da) Importer(815301076,1909f56bfc062723c751e8b465ee728b)
Start importing Assets/Prefabs/LowPoly_Foliage/Models/Plants/Plant_a_02.fbx using Guid(298e3beb23283694c8b29ff2567374da) Importer(815301076,1909f56bfc062723c751e8b465ee728b)  -> (artifact id: 'a1f3d3c25d02b22db5599be4a1bdb625') in 0.042469 seconds 
========================================================================
Received Import Request.
  Time since last request: 0.000023 seconds.
  path: Assets/Prefabs/LowPoly_Foliage/Models/Plants/Plant_f_02.fbx
  artifactKey: Guid(0b876235151f5694aa743b7b42d4733b) Importer(815301076,1909f56bfc062723c751e8b465ee728b)
Start importing Assets/Prefabs/LowPoly_Foliage/Models/Plants/Plant_f_02.fbx using Guid(0b876235151f5694aa743b7b42d4733b) Importer(815301076,1909f56bfc062723c751e8b465ee728b)  -> (artifact id: 'd0bdfa81b4c9fcb22defb3c29b54740f') in 0.037334 seconds 
========================================================================
Received Import Request.
  Time since last request: 0.000026 seconds.
  path: Assets/Prefabs/LowPoly_Foliage/Models/Plants/Plant_c_01.fbx
  artifactKey: Guid(e34db991f89c4764fa6c1bf0b0d58e81) Importer(815301076,1909f56bfc062723c751e8b465ee728b)
Start importing Assets/Prefabs/LowPoly_Foliage/Models/Plants/Plant_c_01.fbx using Guid(e34db991f89c4764fa6c1bf0b0d58e81) Importer(815301076,1909f56bfc062723c751e8b465ee728b)  -> (artifact id: 'ce27336631a596ce7150135ee2578f2f') in 0.041742 seconds 
========================================================================
Received Import Request.
  Time since last request: 0.000030 seconds.
  path: Assets/Prefabs/LowPoly_Foliage/Models/Plants/Plant_c_03.fbx
  artifactKey: Guid(29efb15b5f13e7f4c9c6e05f842f7751) Importer(815301076,1909f56bfc062723c751e8b465ee728b)
Start importing Assets/Prefabs/LowPoly_Foliage/Models/Plants/Plant_c_03.fbx using Guid(29efb15b5f13e7f4c9c6e05f842f7751) Importer(815301076,1909f56bfc062723c751e8b465ee728b)  -> (artifact id: 'a8cd1a6102498bd19928815c70b99221') in 0.036549 seconds 
========================================================================
Received Import Request.
  Time since last request: 0.000023 seconds.
  path: Assets/Prefabs/LowPoly_Foliage/Models/Plants/Plant_i_02.fbx
  artifactKey: Guid(f4cde580bfe8bac4caa6514abd32244e) Importer(815301076,1909f56bfc062723c751e8b465ee728b)
Start importing Assets/Prefabs/LowPoly_Foliage/Models/Plants/Plant_i_02.fbx using Guid(f4cde580bfe8bac4caa6514abd32244e) Importer(815301076,1909f56bfc062723c751e8b465ee728b)  -> (artifact id: '7ed80a360a497449aa9d782f92f71696') in 0.040987 seconds 
========================================================================
Received Import Request.
  Time since last request: 0.000024 seconds.
  path: Assets/Prefabs/LowPoly_Foliage/Models/Plants/Plant_b_03.fbx
  artifactKey: Guid(659a550f259695740b3cb0d0fc18ae48) Importer(815301076,1909f56bfc062723c751e8b465ee728b)
Start importing Assets/Prefabs/LowPoly_Foliage/Models/Plants/Plant_b_03.fbx using Guid(659a550f259695740b3cb0d0fc18ae48) Importer(815301076,1909f56bfc062723c751e8b465ee728b)  -> (artifact id: 'a7582f3b9dbfc224b032944ba296e1ea') in 0.038084 seconds 
========================================================================
Received Import Request.
  Time since last request: 0.000018 seconds.
  path: Assets/Prefabs/LowPoly_Foliage/Models/Plants/Plant_b_01.fbx
  artifactKey: Guid(d71910776241ab54db846514e252e030) Importer(815301076,1909f56bfc062723c751e8b465ee728b)
Start importing Assets/Prefabs/LowPoly_Foliage/Models/Plants/Plant_b_01.fbx using Guid(d71910776241ab54db846514e252e030) Importer(815301076,1909f56bfc062723c751e8b465ee728b)  -> (artifact id: 'd5e454d815d86e8c68922583d3fd74e7') in 0.037679 seconds 
========================================================================
Received Import Request.
  Time since last request: 0.000034 seconds.
  path: Assets/Prefabs/LowPoly_Foliage/Models/Plants/Plant_e_02.fbx
  artifactKey: Guid(e97b73ea7fcdfb04c80f95c233816f99) Importer(815301076,1909f56bfc062723c751e8b465ee728b)
Start importing Assets/Prefabs/LowPoly_Foliage/Models/Plants/Plant_e_02.fbx using Guid(e97b73ea7fcdfb04c80f95c233816f99) Importer(815301076,1909f56bfc062723c751e8b465ee728b)  -> (artifact id: 'f7dded5c4cdc33ccd5f9efe4a85bbf9a') in 0.037403 seconds 
========================================================================
Received Import Request.
  Time since last request: 0.000023 seconds.
  path: Assets/Prefabs/LowPoly_Foliage/Models/Plants/Plant_b_02.fbx
  artifactKey: Guid(de2a6bc51f2a125458f8bed9cb2b8ee3) Importer(815301076,1909f56bfc062723c751e8b465ee728b)
Start importing Assets/Prefabs/LowPoly_Foliage/Models/Plants/Plant_b_02.fbx using Guid(de2a6bc51f2a125458f8bed9cb2b8ee3) Importer(815301076,1909f56bfc062723c751e8b465ee728b)  -> (artifact id: '58e8d9905d9aed3354a4d5bc8eeefba3') in 0.075357 seconds 
========================================================================
Received Import Request.
  Time since last request: 0.000030 seconds.
  path: Assets/Prefabs/LowPoly_Foliage/Models/Plants/Plant_h_01.fbx
  artifactKey: Guid(8731d26bee3582344904d69dc3f678f3) Importer(815301076,1909f56bfc062723c751e8b465ee728b)
Start importing Assets/Prefabs/LowPoly_Foliage/Models/Plants/Plant_h_01.fbx using Guid(8731d26bee3582344904d69dc3f678f3) Importer(815301076,1909f56bfc062723c751e8b465ee728b)  -> (artifact id: '9ba1da42b2c25facdcac17f6597e5cc8') in 0.043645 seconds 
========================================================================
Received Import Request.
  Time since last request: 0.000020 seconds.
  path: Assets/Prefabs/LowPoly_Foliage/Models/Plants/Plant_e_03.fbx
  artifactKey: Guid(83b754bd08f5a1242a0bc7fcbb954106) Importer(815301076,1909f56bfc062723c751e8b465ee728b)
Start importing Assets/Prefabs/LowPoly_Foliage/Models/Plants/Plant_e_03.fbx using Guid(83b754bd08f5a1242a0bc7fcbb954106) Importer(815301076,1909f56bfc062723c751e8b465ee728b)  -> (artifact id: 'e55872a95a3bae00c413df4c64ad7448') in 0.044063 seconds 
========================================================================
Received Import Request.
  Time since last request: 0.000026 seconds.
  path: Assets/Prefabs/LowPoly_Foliage/Models/Plants/Plant_a_03.fbx
  artifactKey: Guid(7ce80634a48a7074bbf533628c18a50c) Importer(815301076,1909f56bfc062723c751e8b465ee728b)
Start importing Assets/Prefabs/LowPoly_Foliage/Models/Plants/Plant_a_03.fbx using Guid(7ce80634a48a7074bbf533628c18a50c) Importer(815301076,1909f56bfc062723c751e8b465ee728b)  -> (artifact id: '29a710df5d2e5ee1d74a45811e729350') in 0.044156 seconds 
========================================================================
Received Import Request.
  Time since last request: 0.000023 seconds.
  path: Assets/Prefabs/LowPoly_Foliage/Models/Plants/Plant_d_01.fbx
  artifactKey: Guid(7e51acfae3876294ebd7ad0f91fae6a4) Importer(815301076,1909f56bfc062723c751e8b465ee728b)
Start importing Assets/Prefabs/LowPoly_Foliage/Models/Plants/Plant_d_01.fbx using Guid(7e51acfae3876294ebd7ad0f91fae6a4) Importer(815301076,1909f56bfc062723c751e8b465ee728b)  -> (artifact id: 'bc5455e5e4476e2fc6aa5155f456545a') in 0.045169 seconds 
========================================================================
Received Import Request.
  Time since last request: 0.000026 seconds.
  path: Assets/Prefabs/LowPoly_Foliage/Models/Plants/Plant_d_02.fbx
  artifactKey: Guid(19635ac4161648342aacdb9676d817bb) Importer(815301076,1909f56bfc062723c751e8b465ee728b)
Start importing Assets/Prefabs/LowPoly_Foliage/Models/Plants/Plant_d_02.fbx using Guid(19635ac4161648342aacdb9676d817bb) Importer(815301076,1909f56bfc062723c751e8b465ee728b)  -> (artifact id: '3bcc00f18e9a1275df654bc5403edcae') in 0.041593 seconds 
========================================================================
Received Prepare
Registering precompiled user dll's ...
Registered in 0.009229 seconds.
Begin MonoManager ReloadAssembly
Native extension for WindowsStandalone target not found
Native extension for WebGL target not found
Refreshing native plugins compatible for Editor in 0.66 ms, found 2 plugins.
Preloading 0 native plugins for Editor in 0.00 ms.
InvalidCastException: Specified cast is not valid.
  at UnityEngine.Rendering.VolumeComponent.FindParameters (System.Object o, System.Collections.Generic.List`1[T] parameters, System.Func`2[T,TResult] filter) [0x0006a] in T:\Workspace\UnityWorkspace\repos\Visited Places\Library\PackageCache\com.unity.render-pipelines.core@12.1.1\Runtime\Volume\VolumeComponent.cs:149 
  at UnityEngine.Rendering.VolumeComponent.OnEnable () [0x00006] in T:\Workspace\UnityWorkspace\repos\Visited Places\Library\PackageCache\com.unity.render-pipelines.core@12.1.1\Runtime\Volume\VolumeComponent.cs:166 

Mono: successfully reloaded assembly
- Completed reload, in  1.367 seconds
Domain Reload Profiling:
	ReloadAssembly (1367ms)
		BeginReloadAssembly (169ms)
			ExecutionOrderSort (0ms)
			DisableScriptedObjects (10ms)
			BackupInstance (0ms)
			ReleaseScriptingObjects (0ms)
			CreateAndSetChildDomain (40ms)
		EndReloadAssembly (1100ms)
			LoadAssemblies (119ms)
			RebuildTransferFunctionScriptingTraits (0ms)
			SetupTypeCache (232ms)
			ReleaseScriptCaches (2ms)
			RebuildScriptCaches (39ms)
			SetupLoadedEditorAssemblies (554ms)
				LogAssemblyErrors (0ms)
				InitializePlatformSupportModulesInManaged (11ms)
				SetLoadedEditorAssemblies (1ms)
				RefreshPlugins (1ms)
				BeforeProcessingInitializeOnLoad (58ms)
				ProcessInitializeOnLoadAttributes (412ms)
				ProcessInitializeOnLoadMethodAttributes (68ms)
				AfterProcessingInitializeOnLoad (3ms)
				EditorAssembliesLoaded (0ms)
			ExecutionOrderSort2 (0ms)
			AwakeInstancesAfterBackupRestoration (29ms)
Platform modules already initialized, skipping
Refreshing native plugins compatible for Editor in 1.02 ms, found 2 plugins.
Preloading 0 native plugins for Editor in 0.00 ms.
Unloading 3329 Unused Serialized files (Serialized files now loaded: 0)
Crash!!!
SymInit: Symbol-SearchPath: 'T:/UnityEditors/2021.2.2f1/Editor/Data/Mono;.;T:\Workspace\UnityWorkspace\repos\Visited Places;T:\Workspace\UnityWorkspace\repos\Visited Places\Library\BurstCache\JIT;T:\UnityEditors\2021.2.2f1\Editor;C:\WINDOWS;C:\WINDOWS\system32;SRV*C:\websymbols*http://msdl.microsoft.com/download/symbols;', symOptions: 534, UserName: 'George Tsokos'
OS-Version: 10.0.0
T:\UnityEditors\2021.2.2f1\Editor\Unity.exe:Unity.exe (00007FF7F77F0000), size: 72916992 (result: 0), SymType: '-deferred-', PDB: '', fileVersion: 2021.2.2.11038
C:\WINDOWS\SYSTEM32\ntdll.dll:ntdll.dll (00007FF889C10000), size: 2052096 (result: 0), SymType: '-deferred-', PDB: '', fileVersion: 10.0.19041.1288
C:\WINDOWS\System32\KERNEL32.DLL:KERNEL32.DLL (00007FF888230000), size: 778240 (result: 0), SymType: '-deferred-', PDB: '', fileVersion: 10.0.19041.1348
C:\WINDOWS\System32\KERNELBASE.dll:KERNELBASE.dll (00007FF8875A0000), size: 2916352 (result: 0), SymType: '-deferred-', PDB: '', fileVersion: 10.0.19041.1348
C:\WINDOWS\System32\CRYPT32.dll:CRYPT32.dll (00007FF887870000), size: 1400832 (result: 0), SymType: '-deferred-', PDB: '', fileVersion: 10.0.19041.1320
C:\WINDOWS\System32\ucrtbase.dll:ucrtbase.dll (00007FF887330000), size: 1048576 (result: 0), SymType: '-deferred-', PDB: '', fileVersion: 10.0.19041.789
C:\WINDOWS\System32\USER32.dll:USER32.dll (00007FF8890A0000), size: 1708032 (result: 0), SymType: '-deferred-', PDB: '', fileVersion: 10.0.19041.1202
C:\WINDOWS\System32\win32u.dll:win32u.dll (00007FF887A70000), size: 139264 (result: 0), SymType: '-deferred-', PDB: '', fileVersion: 10.0.19041.1320
C:\WINDOWS\System32\GDI32.dll:GDI32.dll (00007FF889780000), size: 176128 (result: 0), SymType: '-deferred-', PDB: '', fileVersion: 10.0.19041.1202
C:\WINDOWS\System32\gdi32full.dll:gdi32full.dll (00007FF887B00000), size: 1093632 (result: 0), SymType: '-deferred-', PDB: '', fileVersion: 10.0.19041.1110
C:\WINDOWS\System32\msvcp_win.dll:msvcp_win.dll (00007FF8879D0000), size: 643072 (result: 0), SymType: '-deferred-', PDB: '', fileVersion: 10.0.19041.789
T:\UnityEditors\2021.2.2f1\Editor\libfbxsdk.dll:libfbxsdk.dll (00007FF810AA0000), size: 10215424 (result: 0), SymType: '-deferred-', PDB: '', fileVersion: 2020.2.0.0
C:\WINDOWS\System32\ADVAPI32.dll:ADVAPI32.dll (00007FF8896D0000), size: 704512 (result: 0), SymType: '-deferred-', PDB: '', fileVersion: 10.0.19041.1052
C:\WINDOWS\System32\msvcrt.dll:msvcrt.dll (00007FF8883D0000), size: 647168 (result: 0), SymType: '-deferred-', PDB: '', fileVersion: 7.0.19041.546
C:\WINDOWS\System32\sechost.dll:sechost.dll (00007FF888D40000), size: 634880 (result: 0), SymType: '-deferred-', PDB: '', fileVersion: 10.0.19041.906
T:\UnityEditors\2021.2.2f1\Editor\optix.6.0.0.dll:optix.6.0.0.dll (00007FF812950000), size: 208896 (result: 0), SymType: '-deferred-', PDB: '', fileVersion: 6.0.0.0
C:\WINDOWS\System32\RPCRT4.dll:RPCRT4.dll (00007FF889A80000), size: 1220608 (result: 0), SymType: '-deferred-', PDB: '', fileVersion: 10.0.19041.1288
C:\WINDOWS\System32\SHELL32.dll:SHELL32.dll (00007FF888480000), size: 7598080 (result: 0), SymType: '-deferred-', PDB: '', fileVersion: 10.0.19041.1320
C:\WINDOWS\System32\SHLWAPI.dll:SHLWAPI.dll (00007FF889930000), size: 348160 (result: 0), SymType: '-deferred-', PDB: '', fileVersion: 10.0.19041.1023
C:\WINDOWS\System32\ole32.dll:ole32.dll (00007FF887C90000), size: 1220608 (result: 0), SymType: '-deferred-', PDB: '', fileVersion: 10.0.19041.1202
C:\WINDOWS\System32\combase.dll:combase.dll (00007FF887DC0000), size: 3493888 (result: 0), SymType: '-deferred-', PDB: '', fileVersion: 10.0.19041.1348
C:\WINDOWS\System32\IMM32.dll:IMM32.dll (00007FF887C60000), size: 196608 (result: 0), SymType: '-deferred-', PDB: '', fileVersion: 10.0.19041.546
C:\WINDOWS\System32\SETUPAPI.dll:SETUPAPI.dll (00007FF889250000), size: 4661248 (result: 0), SymType: '-deferred-', PDB: '', fileVersion: 10.0.19041.1237
C:\WINDOWS\System32\cfgmgr32.dll:cfgmgr32.dll (00007FF887C10000), size: 319488 (result: 0), SymType: '-deferred-', PDB: '', fileVersion: 10.0.19041.1151
C:\WINDOWS\System32\bcrypt.dll:bcrypt.dll (00007FF8874C0000), size: 159744 (result: 0), SymType: '-deferred-', PDB: '', fileVersion: 10.0.19041.1023
C:\WINDOWS\System32\WS2_32.dll:WS2_32.dll (00007FF889020000), size: 438272 (result: 0), SymType: '-deferred-', PDB: '', fileVersion: 10.0.19041.546
C:\WINDOWS\System32\OLEAUT32.dll:OLEAUT32.dll (00007FF888C70000), size: 839680 (result: 0), SymType: '-deferred-', PDB: '', fileVersion: 10.0.19041.985
C:\WINDOWS\System32\WINTRUST.dll:WINTRUST.dll (00007FF887AA0000), size: 393216 (result: 0), SymType: '-deferred-', PDB: '', fileVersion: 10.0.19041.1266
T:\UnityEditors\2021.2.2f1\Editor\etccompress.dll:etccompress.dll (00007FF811460000), size: 5066752 (result: 0), SymType: '-deferred-', PDB: ''
T:\UnityEditors\2021.2.2f1\Editor\ispc_texcomp.dll:ispc_texcomp.dll (00007FF811E60000), size: 1740800 (result: 0), SymType: '-deferred-', PDB: ''
T:\UnityEditors\2021.2.2f1\Editor\compress_bc7e.dll:compress_bc7e.dll (00007FF811D00000), size: 1441792 (result: 0), SymType: '-deferred-', PDB: ''
T:\UnityEditors\2021.2.2f1\Editor\OpenImageDenoise.dll:OpenImageDenoise.dll (00007FF80DA80000), size: 35123200 (result: 0), SymType: '-deferred-', PDB: '', fileVersion: 1.3.0.0
T:\UnityEditors\2021.2.2f1\Editor\FreeImage.dll:FreeImage.dll (0000000180000000), size: 6582272 (result: 0), SymType: '-deferred-', PDB: '', fileVersion: 3.18.0.0
T:\UnityEditors\2021.2.2f1\Editor\s3tcompress.dll:s3tcompress.dll (00007FF812920000), size: 180224 (result: 0), SymType: '-deferred-', PDB: ''
T:\UnityEditors\2021.2.2f1\Editor\umbraoptimizer64.dll:umbraoptimizer64.dll (00007FF810560000), size: 1187840 (result: 0), SymType: '-deferred-', PDB: ''
T:\UnityEditors\2021.2.2f1\Editor\WinPixEventRuntime.dll:WinPixEventRuntime.dll (00007FF812910000), size: 45056 (result: 0), SymType: '-deferred-', PDB: '', fileVersion: 1.0.1812.6001
C:\WINDOWS\SYSTEM32\IPHLPAPI.DLL:IPHLPAPI.DLL (00007FF886780000), size: 241664 (result: 0), SymType: '-deferred-', PDB: '', fileVersion: 10.0.19041.546
C:\WINDOWS\SYSTEM32\WINHTTP.dll:WINHTTP.dll (00007FF87D650000), size: 1097728 (result: 0), SymType: '-deferred-', PDB: '', fileVersion: 10.0.19041.1320
C:\WINDOWS\SYSTEM32\HID.DLL:HID.DLL (00007FF885BC0000), size: 53248 (result: 0), SymType: '-deferred-', PDB: '', fileVersion: 10.0.19041.546
C:\WINDOWS\SYSTEM32\dwmapi.dll:dwmapi.dll (00007FF885120000), size: 192512 (result: 0), SymType: '-deferred-', PDB: '', fileVersion: 10.0.19041.746
T:\UnityEditors\2021.2.2f1\Editor\RadeonImageFilters.dll:RadeonImageFilters.dll (00007FF810690000), size: 2961408 (result: 0), SymType: '-deferred-', PDB: '', fileVersion: 1.7.0.0
T:\UnityEditors\2021.2.2f1\Editor\SketchUpAPI.dll:SketchUpAPI.dll (00007FF80FC80000), size: 9306112 (result: 0), SymType: '-deferred-', PDB: '', fileVersion: 20.2.172.0
C:\WINDOWS\SYSTEM32\VERSION.dll:VERSION.dll (00007FF881780000), size: 40960 (result: 0), SymType: '-deferred-', PDB: '', fileVersion: 10.0.19041.546
C:\WINDOWS\SYSTEM32\WSOCK32.dll:WSOCK32.dll (00007FF843D40000), size: 36864 (result: 0), SymType: '-deferred-', PDB: '', fileVersion: 10.0.19041.1
T:\UnityEditors\2021.2.2f1\Editor\tbb12.dll:tbb12.dll (00007FF812160000), size: 389120 (result: 0), SymType: '-deferred-', PDB: ''
C:\WINDOWS\SYSTEM32\MSVCP140.dll:MSVCP140.dll (00007FF86D590000), size: 581632 (result: 0), SymType: '-deferred-', PDB: '', fileVersion: 14.30.30704.0
C:\WINDOWS\SYSTEM32\VCRUNTIME140.dll:VCRUNTIME140.dll (00007FF86D620000), size: 110592 (result: 0), SymType: '-deferred-', PDB: '', fileVersion: 14.30.30704.0
C:\WINDOWS\SYSTEM32\OPENGL32.dll:OPENGL32.dll (00007FF810970000), size: 1200128 (result: 0), SymType: '-deferred-', PDB: '', fileVersion: 10.0.19041.1081
T:\UnityEditors\2021.2.2f1\Editor\SketchUpCommonPreferences.dll:SketchUpCommonPreferences.dll (00007FF80FC00000), size: 479232 (result: 0), SymType: '-deferred-', PDB: '', fileVersion: 20.2.172.37
T:\UnityEditors\2021.2.2f1\Editor\RadeonML.dll:RadeonML.dll (00007FF8128C0000), size: 94208 (result: 0), SymType: '-deferred-', PDB: '', fileVersion: 0.9.11.0
C:\WINDOWS\SYSTEM32\Secur32.dll:Secur32.dll (00007FF87C290000), size: 49152 (result: 0), SymType: '-deferred-', PDB: '', fileVersion: 10.0.19041.546
C:\WINDOWS\SYSTEM32\VCRUNTIME140_1.dll:VCRUNTIME140_1.dll (00007FF86D410000), size: 49152 (result: 0), SymType: '-deferred-', PDB: '', fileVersion: 14.30.30704.0
C:\WINDOWS\SYSTEM32\GLU32.dll:GLU32.dll (00007FF8128E0000), size: 180224 (result: 0), SymType: '-deferred-', PDB: '', fileVersion: 10.0.19041.1081
C:\WINDOWS\SYSTEM32\SSPICLI.DLL:SSPICLI.DLL (00007FF887220000), size: 200704 (result: 0), SymType: '-deferred-', PDB: '', fileVersion: 10.0.19041.1266
C:\WINDOWS\SYSTEM32\WINMM.dll:WINMM.dll (00007FF881CC0000), size: 159744 (result: 0), SymType: '-deferred-', PDB: '', fileVersion: 10.0.19041.546
T:\UnityEditors\2021.2.2f1\Editor\OpenRL.dll:OpenRL.dll (000001F8085F0000), size: 12779520 (result: 0), SymType: '-deferred-', PDB: '', fileVersion: 1.5.0.2907
T:\UnityEditors\2021.2.2f1\Editor\embree.dll:embree.dll (00007FF80CA90000), size: 16711680 (result: 0), SymType: '-deferred-', PDB: '', fileVersion: 2.14.0.0
T:\UnityEditors\2021.2.2f1\Editor\tbb.dll:tbb.dll (00007FF80CA20000), size: 413696 (result: 0), SymType: '-deferred-', PDB: '', fileVersion: 2017.0.2016.1004
C:\WINDOWS\SYSTEM32\MSVCP100.dll:MSVCP100.dll (000000006F1E0000), size: 622592 (result: 0), SymType: '-deferred-', PDB: '', fileVersion: 10.0.40219.325
C:\WINDOWS\SYSTEM32\MSVCR100.dll:MSVCR100.dll (000000006F280000), size: 860160 (result: 0), SymType: '-deferred-', PDB: '', fileVersion: 10.0.40219.325
C:\WINDOWS\SYSTEM32\MSVCP120.dll:MSVCP120.dll (00007FF80C880000), size: 679936 (result: 0), SymType: '-deferred-', PDB: '', fileVersion: 12.0.40664.0
C:\WINDOWS\SYSTEM32\MSWSOCK.DLL:MSWSOCK.DLL (00007FF886AE0000), size: 434176 (result: 0), SymType: '-deferred-', PDB: '', fileVersion: 10.0.19041.546
C:\WINDOWS\SYSTEM32\MSVCR120.dll:MSVCR120.dll (00007FF80C930000), size: 978944 (result: 0), SymType: '-deferred-', PDB: '', fileVersion: 12.0.40664.0
T:\UnityEditors\2021.2.2f1\Editor\OpenRL_pthread.dll:OpenRL_pthread.dll (000001F809240000), size: 61440 (result: 0), SymType: '-deferred-', PDB: '', fileVersion: 2.9.0.0
T:\UnityEditors\2021.2.2f1\Editor\tbbmalloc.dll:tbbmalloc.dll (00007FF80C820000), size: 372736 (result: 0), SymType: '-deferred-', PDB: '', fileVersion: 2017.0.2016.1004
C:\WINDOWS\SYSTEM32\MSASN1.dll:MSASN1.dll (00007FF886F10000), size: 73728 (result: 0), SymType: '-deferred-', PDB: '', fileVersion: 10.0.19041.546
C:\WINDOWS\SYSTEM32\kernel.appcore.dll:kernel.appcore.dll (00007FF885150000), size: 73728 (result: 0), SymType: '-deferred-', PDB: '', fileVersion: 10.0.19041.546
C:\WINDOWS\System32\bcryptPrimitives.dll:bcryptPrimitives.dll (00007FF887430000), size: 536576 (result: 0), SymType: '-deferred-', PDB: '', fileVersion: 10.0.19041.1348
C:\WINDOWS\system32\uxtheme.dll:uxtheme.dll (00007FF884D50000), size: 647168 (result: 0), SymType: '-deferred-', PDB: '', fileVersion: 10.0.19041.1266
C:\WINDOWS\System32\shcore.dll:shcore.dll (00007FF888120000), size: 708608 (result: 0), SymType: '-deferred-', PDB: '', fileVersion: 10.0.19041.1320
C:\WINDOWS\SYSTEM32\windows.storage.dll:windows.storage.dll (00007FF885430000), size: 7929856 (result: 0), SymType: '-deferred-', PDB: '', fileVersion: 10.0.19041.1320
C:\WINDOWS\SYSTEM32\Wldp.dll:Wldp.dll (00007FF886D80000), size: 188416 (result: 0), SymType: '-deferred-', PDB: '', fileVersion: 10.0.19041.1320
C:\WINDOWS\SYSTEM32\profapi.dll:profapi.dll (00007FF887270000), size: 126976 (result: 0), SymType: '-deferred-', PDB: '', fileVersion: 10.0.19041.844
C:\WINDOWS\system32\IconCodecService.dll:IconCodecService.dll (00007FF858CE0000), size: 36864 (result: 0), SymType: '-deferred-', PDB: '', fileVersion: 10.0.19041.1
C:\WINDOWS\SYSTEM32\WindowsCodecs.dll:WindowsCodecs.dll (00007FF87F850000), size: 1785856 (result: 0), SymType: '-deferred-', PDB: '', fileVersion: 10.0.19041.1151
C:\WINDOWS\System32\clbcatq.dll:clbcatq.dll (00007FF888BC0000), size: 692224 (result: 0), SymType: '-deferred-', PDB: '', fileVersion: 2001.12.10941.16384
C:\WINDOWS\System32\netprofm.dll:netprofm.dll (00007FF882DD0000), size: 253952 (result: 0), SymType: '-deferred-', PDB: '', fileVersion: 10.0.19041.906
C:\WINDOWS\System32\npmproxy.dll:npmproxy.dll (00007FF880520000), size: 65536 (result: 0), SymType: '-deferred-', PDB: '', fileVersion: 10.0.19041.906
C:\WINDOWS\System32\NSI.dll:NSI.dll (00007FF888470000), size: 32768 (result: 0), SymType: '-deferred-', PDB: '', fileVersion: 10.0.19041.610
C:\WINDOWS\SYSTEM32\dhcpcsvc6.DLL:dhcpcsvc6.DLL (00007FF881B70000), size: 94208 (result: 0), SymType: '-deferred-', PDB: '', fileVersion: 10.0.19041.546
C:\WINDOWS\SYSTEM32\dhcpcsvc.DLL:dhcpcsvc.DLL (00007FF881790000), size: 118784 (result: 0), SymType: '-deferred-', PDB: '', fileVersion: 10.0.19041.546
C:\WINDOWS\SYSTEM32\DNSAPI.dll:DNSAPI.dll (00007FF8867D0000), size: 831488 (result: 0), SymType: '-deferred-', PDB: '', fileVersion: 10.0.19041.1320
C:\WINDOWS\System32\fwpuclnt.dll:fwpuclnt.dll (00007FF877520000), size: 520192 (result: 0), SymType: '-deferred-', PDB: '', fileVersion: 10.0.19041.1348
C:\Windows\System32\rasadhlp.dll:rasadhlp.dll (00007FF8772F0000), size: 40960 (result: 0), SymType: '-deferred-', PDB: '', fileVersion: 10.0.19041.546
T:\UnityEditors\2021.2.2f1\Editor\NVUnityPlugin.DLL:NVUnityPlugin.DLL (00007FF80C4F0000), size: 1523712 (result: 0), SymType: '-deferred-', PDB: ''
C:\WINDOWS\SYSTEM32\vulkan-1.dll:vulkan-1.dll (00007FF80C090000), size: 1114112 (result: 0), SymType: '-deferred-', PDB: '', fileVersion: 1.2.170.0
C:\WINDOWS\system32\dxgi.dll:dxgi.dll (00007FF885C00000), size: 999424 (result: 0), SymType: '-deferred-', PDB: '', fileVersion: 10.0.19041.1266
T:\UnityEditors\2021.2.2f1\Editor\Data\Tools\astcenc-avx2.dll:astcenc-avx2.dll (00007FF80C000000), size: 561152 (result: 0), SymType: '-deferred-', PDB: ''
C:\WINDOWS\SYSTEM32\d3d11.dll:d3d11.dll (00007FF883D10000), size: 2506752 (result: 0), SymType: '-deferred-', PDB: '', fileVersion: 10.0.19041.1202
C:\WINDOWS\System32\DriverStore\FileRepository\nv_dispsi.inf_amd64_a316fd2790791cc1\nvldumdx.dll:nvldumdx.dll (00007FF87C7C0000), size: 1073152 (result: 0), SymType: '-deferred-', PDB: '', fileVersion: 30.0.14.7247
C:\WINDOWS\SYSTEM32\cryptnet.dll:cryptnet.dll (00007FF87C720000), size: 200704 (result: 0), SymType: '-deferred-', PDB: '', fileVersion: 10.0.19041.906
C:\WINDOWS\SYSTEM32\drvstore.dll:drvstore.dll (00007FF87E6D0000), size: 1351680 (result: 0), SymType: '-deferred-', PDB: '', fileVersion: 10.0.19041.1320
C:\WINDOWS\SYSTEM32\devobj.dll:devobj.dll (00007FF8870D0000), size: 212992 (result: 0), SymType: '-deferred-', PDB: '', fileVersion: 10.0.19041.1151
C:\WINDOWS\SYSTEM32\cryptbase.dll:cryptbase.dll (00007FF886CD0000), size: 49152 (result: 0), SymType: '-deferred-', PDB: '', fileVersion: 10.0.19041.546
C:\WINDOWS\System32\imagehlp.dll:imagehlp.dll (00007FF889BB0000), size: 118784 (result: 0), SymType: '-deferred-', PDB: '', fileVersion: 10.0.19041.546
C:\WINDOWS\SYSTEM32\CRYPTSP.dll:CRYPTSP.dll (00007FF886CE0000), size: 98304 (result: 0), SymType: '-deferred-', PDB: '', fileVersion: 10.0.19041.546
C:\WINDOWS\system32\rsaenh.dll:rsaenh.dll (00007FF8863F0000), size: 212992 (result: 0), SymType: '-deferred-', PDB: '', fileVersion: 10.0.19041.1052
C:\WINDOWS\System32\DriverStore\FileRepository\nv_dispsi.inf_amd64_a316fd2790791cc1\nvwgf2umx.dll:nvwgf2umx.dll (00007FF8447E0000), size: 77623296 (result: 0), SymType: '-deferred-', PDB: '', fileVersion: 30.0.14.7247
C:\WINDOWS\system32\nvspcap64.dll:nvspcap64.dll (00007FF841700000), size: 2895872 (result: 0), SymType: '-deferred-', PDB: '', fileVersion: 3.23.0.74
C:\WINDOWS\SYSTEM32\ntmarta.dll:ntmarta.dll (00007FF886000000), size: 208896 (result: 0), SymType: '-deferred-', PDB: '', fileVersion: 10.0.19041.546
C:\WINDOWS\SYSTEM32\dxcore.dll:dxcore.dll (00007FF87D790000), size: 241664 (result: 0), SymType: '-deferred-', PDB: '', fileVersion: 10.0.19041.546
C:\WINDOWS\system32\wbem\wbemprox.dll:wbemprox.dll (00007FF877910000), size: 69632 (result: 0), SymType: '-deferred-', PDB: '', fileVersion: 10.0.19041.1320
C:\WINDOWS\SYSTEM32\wbemcomn.dll:wbemcomn.dll (00007FF877860000), size: 598016 (result: 0), SymType: '-deferred-', PDB: '', fileVersion: 10.0.19041.1081
C:\WINDOWS\system32\wbem\wbemsvc.dll:wbemsvc.dll (00007FF871490000), size: 81920 (result: 0), SymType: '-deferred-', PDB: '', fileVersion: 10.0.19041.1320
C:\WINDOWS\system32\wbem\fastprox.dll:fastprox.dll (00007FF8714B0000), size: 1093632 (result: 0), SymType: '-deferred-', PDB: '', fileVersion: 10.0.19041.546
C:\WINDOWS\SYSTEM32\amsi.dll:amsi.dll (00007FF8713C0000), size: 102400 (result: 0), SymType: '-deferred-', PDB: '', fileVersion: 10.0.19041.746
T:\UnityEditors\2021.2.2f1\Editor\cudart64_90.dll:cudart64_90.dll (00007FF812030000), size: 397312 (result: 0), SymType: '-deferred-', PDB: '', fileVersion: 6.14.11.9000
C:\WINDOWS\SYSTEM32\opencl.dll:opencl.dll (00007FF811B60000), size: 1482752 (result: 0), SymType: '-deferred-', PDB: '', fileVersion: 3.0.1.0
T:\UnityEditors\2021.2.2f1\Editor\radeonrays.dll:radeonrays.dll (00007FF811AD0000), size: 557056 (result: 0), SymType: '-deferred-', PDB: ''
T:\UnityEditors\2021.2.2f1\Editor\Data\MonoBleedingEdge\EmbedRuntime\mono-2.0-bdwgc.dll:mono-2.0-bdwgc.dll (00007FF80B550000), size: 11177984 (result: 0), SymType: '-deferred-', PDB: ''
T:\Workspace\UnityWorkspace\repos\Visited Places\Library\PackageCache\com.unity.burst@1.6.0\.Runtime\burst-llvm-11.dll:burst-llvm-11.dll (00007FF8059D0000), size: 38744064 (result: 0), SymType: '-deferred-', PDB: ''
C:\WINDOWS\SYSTEM32\PROPSYS.dll:PROPSYS.dll (00007FF882CB0000), size: 1007616 (result: 0), SymType: '-deferred-', PDB: '', fileVersion: 7.0.19041.1023
C:\WINDOWS\WinSxS\amd64_microsoft.windows.common-controls_6595b64144ccf1df_6.0.19041.1110_none_60b5254171f9507e\comctl32.dll:comctl32.dll (00007FF86EC80000), size: 2727936 (result: 0), SymType: '-deferred-', PDB: '', fileVersion: 6.10.19041.1110
C:\Windows\System32\thumbcache.dll:thumbcache.dll (00007FF856FA0000), size: 417792 (result: 0), SymType: '-deferred-', PDB: '', fileVersion: 10.0.19041.1151
C:\WINDOWS\SYSTEM32\policymanager.dll:policymanager.dll (00007FF882460000), size: 655360 (result: 0), SymType: '-deferred-', PDB: '', fileVersion: 10.0.19041.1320
C:\WINDOWS\SYSTEM32\msvcp110_win.dll:msvcp110_win.dll (00007FF886480000), size: 565248 (result: 0), SymType: '-deferred-', PDB: '', fileVersion: 10.0.19041.546
C:\Windows\System32\MrmCoreR.dll:MrmCoreR.dll (00007FF87B230000), size: 1003520 (result: 0), SymType: '-deferred-', PDB: '', fileVersion: 10.0.19041.1266
C:\Windows\System32\iertutil.dll:iertutil.dll (00007FF87C8F0000), size: 2818048 (result: 0), SymType: '-deferred-', PDB: '', fileVersion: 11.0.19041.1266
C:\WINDOWS\SYSTEM32\windows.staterepositorycore.dll:windows.staterepositorycore.dll (00007FF870420000), size: 69632 (result: 0), SymType: '-deferred-', PDB: '', fileVersion: 10.0.19041.844
C:\Windows\System32\bcp47mrm.dll:bcp47mrm.dll (00007FF87A720000), size: 184320 (result: 0), SymType: '-deferred-', PDB: '', fileVersion: 10.0.19041.1266
C:\Windows\System32\Windows.UI.dll:Windows.UI.dll (00007FF87ADA0000), size: 1314816 (result: 0), SymType: '-deferred-', PDB: '', fileVersion: 10.0.19041.746
C:\Windows\System32\InputHost.dll:InputHost.dll (00007FF87AA90000), size: 1384448 (result: 0), SymType: '-deferred-', PDB: '', fileVersion: 10.0.19041.906
C:\Windows\System32\WindowManagementAPI.dll:WindowManagementAPI.dll (00007FF880790000), size: 659456 (result: 0), SymType: '-deferred-', PDB: ''
C:\Windows\System32\TextInputFramework.dll:TextInputFramework.dll (00007FF87ABF0000), size: 1019904 (result: 0), SymType: '-deferred-', PDB: '', fileVersion: 10.0.19041.1320
C:\WINDOWS\SYSTEM32\wintypes.dll:wintypes.dll (00007FF883050000), size: 1392640 (result: 0), SymType: '-deferred-', PDB: '', fileVersion: 10.0.19041.1348
C:\Windows\System32\CoreMessaging.dll:CoreMessaging.dll (00007FF884850000), size: 991232 (result: 0), SymType: '-deferred-', PDB: '', fileVersion: 10.0.19041.746
C:\WINDOWS\SYSTEM32\twinapi.appcore.dll:twinapi.appcore.dll (00007FF87FB00000), size: 2101248 (result: 0), SymType: '-deferred-', PDB: '', fileVersion: 10.0.19041.964
C:\Windows\System32\CoreUIComponents.dll:CoreUIComponents.dll (00007FF8844F0000), size: 3530752 (result: 0), SymType: '-deferred-', PDB: '', fileVersion: 10.0.19041.546
C:\WINDOWS\WinSxS\amd64_microsoft.windows.gdiplus_6595b64144ccf1df_1.1.19041.1348_none_91a2627ccc89e3fb\gdiplus.dll:gdiplus.dll (00007FF86EF20000), size: 1740800 (result: 0), SymType: '-deferred-', PDB: '', fileVersion: 10.0.19041.1348
C:\WINDOWS\System32\MSCTF.dll:MSCTF.dll (00007FF889810000), size: 1134592 (result: 0), SymType: '-deferred-', PDB: '', fileVersion: 10.0.19041.1202
C:\WINDOWS\SYSTEM32\edputil.dll:edputil.dll (00007FF86CAB0000), size: 147456 (result: 0), SymType: '-deferred-', PDB: '', fileVersion: 10.0.19041.546
C:\Windows\System32\Windows.StateRepositoryPS.dll:Windows.StateRepositoryPS.dll (00007FF8670D0000), size: 1335296 (result: 0), SymType: '-deferred-', PDB: '', fileVersion: 10.0.19041.844
C:\WINDOWS\SYSTEM32\dbghelp.dll:dbghelp.dll (00007FF87F660000), size: 1982464 (result: 0), SymType: '-deferred-', PDB: '', fileVersion: 10.0.19041.867

========== OUTPUTTING STACK TRACE ==================

0x00007FF80B7B1FF9 (mono-2.0-bdwgc) [C:\build\output\Unity-Technologies\mono\mono\metadata\unity-liveness.c:263] mono_add_process_object 
0x00007FF80B7B2B1C (mono-2.0-bdwgc) [C:\build\output\Unity-Technologies\mono\mono\metadata\unity-liveness.c:482] mono_traverse_objects 
0x00007FF80B7B4114 (mono-2.0-bdwgc) [C:\build\output\Unity-Technologies\mono\mono\metadata\unity-liveness.c:810] mono_unity_liveness_calculation_from_root 
0x00007FF7F840DC57 (Unity) ProcessMonoBehaviour
0x00007FF7F840C41A (Unity) MarkDependencies
0x00007FF7F840C1CB (Unity) MarkAllDependencies
0x00007FF7F840E031 (Unity) AGCThread::RunThread
0x00007FF7F85A7927 (Unity) Thread::RunThreadWrapper
0x00007FF888247034 (KERNEL32) BaseThreadInitThunk
0x00007FF889C62651 (ntdll) RtlUserThreadStart

========== END OF STACKTRACE ===========

A crash has been intercepted by the crash handler. For call stack and other details, see the latest crash report generated in:
 * C:/Users/GEORGE~1/AppData/Local/Temp/Unity/Editor/Crashes
