Using pre-set license
Built from '2021.2/staging' branch; Version is '2021.2.2f1 (5e2b1e92c7f8) revision 6171422'; Using compiler version '192829333'; Build Type 'Release'
OS: 'Windows 10 Home; OS build 19043.1348; Version 2009; 64bit' Language: 'en' Physical Memory: 32706 MB
BatchMode: 1, IsHumanControllingUs: 0, StartBugReporterOnCrash: 0, Is64bit: 1, IsPro: 0

COMMAND LINE ARGUMENTS:
T:\UnityEditors\2021.2.2f1\Editor\Unity.exe
-adb2
-batchMode
-noUpm
-name
AssetImportWorker6
-projectPath
T:/Workspace/UnityWorkspace/repos/Visited Places
-logFile
Logs/AssetImportWorker6.log
-srvPort
55693
Successfully changed project path to: T:/Workspace/UnityWorkspace/repos/Visited Places
T:/Workspace/UnityWorkspace/repos/Visited Places
[UnityMemory] Configuration Parameters - Can be set up in boot.config
    "memorysetup-bucket-allocator-granularity=16"
    "memorysetup-bucket-allocator-bucket-count=8"
    "memorysetup-bucket-allocator-block-size=33554432"
    "memorysetup-bucket-allocator-block-count=8"
    "memorysetup-main-allocator-block-size=16777216"
    "memorysetup-thread-allocator-block-size=16777216"
    "memorysetup-gfx-main-allocator-block-size=16777216"
    "memorysetup-gfx-thread-allocator-block-size=16777216"
    "memorysetup-cache-allocator-block-size=4194304"
    "memorysetup-typetree-allocator-block-size=2097152"
    "memorysetup-profiler-bucket-allocator-granularity=16"
    "memorysetup-profiler-bucket-allocator-bucket-count=8"
    "memorysetup-profiler-bucket-allocator-block-size=33554432"
    "memorysetup-profiler-bucket-allocator-block-count=8"
    "memorysetup-profiler-allocator-block-size=16777216"
    "memorysetup-profiler-editor-allocator-block-size=1048576"
    "memorysetup-temp-allocator-size-main=16777216"
    "memorysetup-job-temp-allocator-block-size=2097152"
    "memorysetup-job-temp-allocator-block-size-background=1048576"
    "memorysetup-job-temp-allocator-reduction-small-platforms=262144"
    "memorysetup-temp-allocator-size-background-worker=32768"
    "memorysetup-temp-allocator-size-job-worker=262144"
    "memorysetup-temp-allocator-size-preload-manager=33554432"
    "memorysetup-temp-allocator-size-nav-mesh-worker=65536"
    "memorysetup-temp-allocator-size-audio-worker=65536"
    "memorysetup-temp-allocator-size-cloud-worker=32768"
    "memorysetup-temp-allocator-size-gi-baking-worker=262144"
    "memorysetup-temp-allocator-size-gfx=262144"
Refreshing native plugins compatible for Editor in 56.96 ms, found 2 plugins.
Preloading 0 native plugins for Editor in 0.00 ms.
Initialize engine version: 2021.2.2f1 (5e2b1e92c7f8)
[Subsystems] Discovering subsystems at path T:/UnityEditors/2021.2.2f1/Editor/Data/Resources/UnitySubsystems
[Subsystems] Discovering subsystems at path T:/Workspace/UnityWorkspace/repos/Visited Places/Assets
GfxDevice: creating device client; threaded=0; jobified=0
Direct3D:
    Version:  Direct3D 11.0 [level 11.1]
    Renderer: NVIDIA GeForce GTX 1080 Ti (ID=0x1b06)
    Vendor:   NVIDIA
    VRAM:     11127 MB
    Driver:   30.0.14.7247
Initialize mono
Mono path[0] = 'T:/UnityEditors/2021.2.2f1/Editor/Data/Managed'
Mono path[1] = 'T:/UnityEditors/2021.2.2f1/Editor/Data/MonoBleedingEdge/lib/mono/unityjit-win32'
Mono config path = 'T:/UnityEditors/2021.2.2f1/Editor/Data/MonoBleedingEdge/etc'
Using monoOptions --debugger-agent=transport=dt_socket,embedding=1,server=y,suspend=n,address=127.0.0.1:56328
Begin MonoManager ReloadAssembly
Registering precompiled unity dll's ...
Register platform support module: T:/UnityEditors/2021.2.2f1/Editor/Data/PlaybackEngines/WebGLSupport/UnityEditor.WebGL.Extensions.dll
Register platform support module: T:/UnityEditors/2021.2.2f1/Editor/Data/PlaybackEngines/WindowsStandaloneSupport/UnityEditor.WindowsStandalone.Extensions.dll
Registered in 0.004366 seconds.
Native extension for WindowsStandalone target not found
Native extension for WebGL target not found
Refreshing native plugins compatible for Editor in 48.54 ms, found 2 plugins.
Preloading 0 native plugins for Editor in 0.00 ms.
Mono: successfully reloaded assembly
- Completed reload, in  0.625 seconds
Domain Reload Profiling:
	ReloadAssembly (625ms)
		BeginReloadAssembly (114ms)
			ExecutionOrderSort (0ms)
			DisableScriptedObjects (0ms)
			BackupInstance (0ms)
			ReleaseScriptingObjects (0ms)
			CreateAndSetChildDomain (1ms)
		EndReloadAssembly (426ms)
			LoadAssemblies (114ms)
			RebuildTransferFunctionScriptingTraits (0ms)
			SetupTypeCache (109ms)
			ReleaseScriptCaches (0ms)
			RebuildScriptCaches (25ms)
			SetupLoadedEditorAssemblies (245ms)
				LogAssemblyErrors (0ms)
				InitializePlatformSupportModulesInManaged (15ms)
				SetLoadedEditorAssemblies (0ms)
				RefreshPlugins (49ms)
				BeforeProcessingInitializeOnLoad (1ms)
				ProcessInitializeOnLoadAttributes (133ms)
				ProcessInitializeOnLoadMethodAttributes (48ms)
				AfterProcessingInitializeOnLoad (0ms)
				EditorAssembliesLoaded (0ms)
			ExecutionOrderSort2 (0ms)
			AwakeInstancesAfterBackupRestoration (0ms)
Platform modules already initialized, skipping
Registering precompiled user dll's ...
Registered in 0.009305 seconds.
Begin MonoManager ReloadAssembly
Native extension for WindowsStandalone target not found
Native extension for WebGL target not found
Refreshing native plugins compatible for Editor in 49.86 ms, found 2 plugins.
Preloading 0 native plugins for Editor in 0.00 ms.
Mono: successfully reloaded assembly
- Completed reload, in  1.629 seconds
Domain Reload Profiling:
	ReloadAssembly (1630ms)
		BeginReloadAssembly (187ms)
			ExecutionOrderSort (0ms)
			DisableScriptedObjects (5ms)
			BackupInstance (0ms)
			ReleaseScriptingObjects (0ms)
			CreateAndSetChildDomain (18ms)
		EndReloadAssembly (1351ms)
			LoadAssemblies (109ms)
			RebuildTransferFunctionScriptingTraits (0ms)
			SetupTypeCache (211ms)
			ReleaseScriptCaches (1ms)
			RebuildScriptCaches (50ms)
			SetupLoadedEditorAssemblies (895ms)
				LogAssemblyErrors (0ms)
				InitializePlatformSupportModulesInManaged (11ms)
				SetLoadedEditorAssemblies (0ms)
				RefreshPlugins (50ms)
				BeforeProcessingInitializeOnLoad (68ms)
				ProcessInitializeOnLoadAttributes (697ms)
				ProcessInitializeOnLoadMethodAttributes (66ms)
				AfterProcessingInitializeOnLoad (3ms)
				EditorAssembliesLoaded (0ms)
			ExecutionOrderSort2 (0ms)
			AwakeInstancesAfterBackupRestoration (10ms)
Platform modules already initialized, skipping
========================================================================
Worker process is ready to serve import requests
Launched and connected shader compiler UnityShaderCompiler.exe after 0.06 seconds
Refreshing native plugins compatible for Editor in 0.64 ms, found 2 plugins.
Preloading 0 native plugins for Editor in 0.00 ms.
Unloading 3443 Unused Serialized files (Serialized files now loaded: 0)
Unloading 43 unused Assets / (0.8 MB). Loaded Objects now: 3904.
Memory consumption went from 161.4 MB to 160.6 MB.
Total: 3.499200 ms (FindLiveObjects: 0.306800 ms CreateObjectMapping: 0.235800 ms MarkObjects: 2.655700 ms  DeleteObjects: 0.300000 ms)

AssetImportParameters requested are different than current active one (requested -> active):
  custom:video-decoder-ogg-theora: a1e56fd34408186e4bbccfd4996cb3dc -> 
  custom:container-muxer-webm: aa71ff27fc2769a1b78a27578f13a17b -> 
  custom:container-demuxer-webm: 4f35f7cbe854078d1ac9338744f61a02 -> 
  custom:video-encoder-webm-vp8: eb34c28f22e8b96e1ab97ce403110664 -> 
  custom:audio-encoder-webm-vorbis: bf7c407c2cedff20999df2af8eb42d56 -> 
  custom:framework-win-MediaFoundation: 216162199b28c13a410421893ffa2e32 -> 
  custom:container-demuxer-ogg: 62fdf1f143b41e24485cea50d1cbac27 -> 
  custom:video-decoder-webm-vp8: 9c59270c3fd7afecdb556c50c9e8de78 -> 
  custom:audio-decoder-ogg-vorbis: bf7c407c2cedff20999df2af8eb42d56 -> 
========================================================================
Received Import Request.
  Time since last request: 9216.756661 seconds.
  path: Assets/Prefabs/LowPoly_Foliage/Models/Bushes/Bush_b_a_01.fbx
  artifactKey: Guid(16c947c90975bad4c93e670f0e8c1833) Importer(815301076,1909f56bfc062723c751e8b465ee728b)
Start importing Assets/Prefabs/LowPoly_Foliage/Models/Bushes/Bush_b_a_01.fbx using Guid(16c947c90975bad4c93e670f0e8c1833) Importer(815301076,1909f56bfc062723c751e8b465ee728b)  -> (artifact id: '123bd4dea606f163d32ef3d6369fc5f2') in 0.341197 seconds 
========================================================================
Received Import Request.
  Time since last request: 0.000025 seconds.
  path: Assets/Prefabs/LowPoly_Foliage/Models/Bushes/Bush_c_b_01.fbx
  artifactKey: Guid(07c793a24c17b9342a627fc79faad0fa) Importer(815301076,1909f56bfc062723c751e8b465ee728b)
Start importing Assets/Prefabs/LowPoly_Foliage/Models/Bushes/Bush_c_b_01.fbx using Guid(07c793a24c17b9342a627fc79faad0fa) Importer(815301076,1909f56bfc062723c751e8b465ee728b)  -> (artifact id: '5d08d0be8809c3314d08bdeef57d9c2b') in 0.038384 seconds 
========================================================================
Received Import Request.
  Time since last request: 0.000035 seconds.
  path: Assets/Prefabs/LowPoly_Foliage/Models/Bushes/Bush_f_01.fbx
  artifactKey: Guid(e7590b3d5a3453c469dfaecee602788b) Importer(815301076,1909f56bfc062723c751e8b465ee728b)
Start importing Assets/Prefabs/LowPoly_Foliage/Models/Bushes/Bush_f_01.fbx using Guid(e7590b3d5a3453c469dfaecee602788b) Importer(815301076,1909f56bfc062723c751e8b465ee728b)  -> (artifact id: '5aa0e249faf15452238fbbe70fa493f8') in 0.038746 seconds 
========================================================================
Received Import Request.
  Time since last request: 0.000019 seconds.
  path: Assets/Prefabs/LowPoly_Foliage/Models/Bushes/Bush_d_02.fbx
  artifactKey: Guid(435b1505f55c5354c98d973338331c6a) Importer(815301076,1909f56bfc062723c751e8b465ee728b)
Start importing Assets/Prefabs/LowPoly_Foliage/Models/Bushes/Bush_d_02.fbx using Guid(435b1505f55c5354c98d973338331c6a) Importer(815301076,1909f56bfc062723c751e8b465ee728b)  -> (artifact id: '6cce267afb1b3666b60119118cfd98fa') in 0.037707 seconds 
========================================================================
Received Import Request.
  Time since last request: 25.283829 seconds.
  path: Assets/Prefabs/LowPoly_Foliage/Models/Flowers/Flower_a_02.fbx
  artifactKey: Guid(73a60a6a04ced8d4a94f54c14b38cb4e) Importer(815301076,1909f56bfc062723c751e8b465ee728b)
Start importing Assets/Prefabs/LowPoly_Foliage/Models/Flowers/Flower_a_02.fbx using Guid(73a60a6a04ced8d4a94f54c14b38cb4e) Importer(815301076,1909f56bfc062723c751e8b465ee728b)  -> (artifact id: '2ce6bab643c19c73a29a59b967062aed') in 0.037725 seconds 
========================================================================
Received Import Request.
  Time since last request: 0.000022 seconds.
  path: Assets/Prefabs/LowPoly_Foliage/Models/Flowers/Flower_b_03.fbx
  artifactKey: Guid(7c5381d28c28ff045a51be226f4fcd3f) Importer(815301076,1909f56bfc062723c751e8b465ee728b)
Start importing Assets/Prefabs/LowPoly_Foliage/Models/Flowers/Flower_b_03.fbx using Guid(7c5381d28c28ff045a51be226f4fcd3f) Importer(815301076,1909f56bfc062723c751e8b465ee728b)  -> (artifact id: '12a430636c8541afc9778ec09010e99a') in 0.039206 seconds 
========================================================================
Received Import Request.
  Time since last request: 0.000018 seconds.
  path: Assets/Prefabs/LowPoly_Foliage/Models/Flowers/Flower_d_01.fbx
  artifactKey: Guid(709b0a34f0459c84eb55864b8d2f7649) Importer(815301076,1909f56bfc062723c751e8b465ee728b)
Start importing Assets/Prefabs/LowPoly_Foliage/Models/Flowers/Flower_d_01.fbx using Guid(709b0a34f0459c84eb55864b8d2f7649) Importer(815301076,1909f56bfc062723c751e8b465ee728b)  -> (artifact id: '91ed19d47f1f21aab47458af12be0037') in 0.038947 seconds 
========================================================================
Received Import Request.
  Time since last request: 0.000020 seconds.
  path: Assets/Prefabs/LowPoly_Foliage/Models/Flowers/Flower_b_01.fbx
  artifactKey: Guid(9fc29836f9cb9bf4da2cad18b346a21b) Importer(815301076,1909f56bfc062723c751e8b465ee728b)
Start importing Assets/Prefabs/LowPoly_Foliage/Models/Flowers/Flower_b_01.fbx using Guid(9fc29836f9cb9bf4da2cad18b346a21b) Importer(815301076,1909f56bfc062723c751e8b465ee728b)  -> (artifact id: 'f9e7f2b0140897e5c90405aabd7c1788') in 0.040918 seconds 
========================================================================
Received Import Request.
  Time since last request: 0.000028 seconds.
  path: Assets/Prefabs/LowPoly_Foliage/Models/Flowers/Flower_e_01.fbx
  artifactKey: Guid(f95e0ccf66bf1b846a73c6db26133ab8) Importer(815301076,1909f56bfc062723c751e8b465ee728b)
Start importing Assets/Prefabs/LowPoly_Foliage/Models/Flowers/Flower_e_01.fbx using Guid(f95e0ccf66bf1b846a73c6db26133ab8) Importer(815301076,1909f56bfc062723c751e8b465ee728b)  -> (artifact id: 'ba5195cd442016ef58b04eb86d6bc37f') in 0.037279 seconds 
========================================================================
Received Import Request.
  Time since last request: 0.000026 seconds.
  path: Assets/Prefabs/LowPoly_Foliage/Models/Flowers/Flower_d_03.fbx
  artifactKey: Guid(de65a6d12945db74c9ba8c96c5a0afb0) Importer(815301076,1909f56bfc062723c751e8b465ee728b)
Start importing Assets/Prefabs/LowPoly_Foliage/Models/Flowers/Flower_d_03.fbx using Guid(de65a6d12945db74c9ba8c96c5a0afb0) Importer(815301076,1909f56bfc062723c751e8b465ee728b)  -> (artifact id: '3add81d048a90718bef03890055eba58') in 0.039538 seconds 
========================================================================
Received Import Request.
  Time since last request: 0.000023 seconds.
  path: Assets/Prefabs/LowPoly_Foliage/Models/Flowers/Flower_h_b_01.fbx
  artifactKey: Guid(f2f901f367242c445858e7feb7ee90b5) Importer(815301076,1909f56bfc062723c751e8b465ee728b)
Start importing Assets/Prefabs/LowPoly_Foliage/Models/Flowers/Flower_h_b_01.fbx using Guid(f2f901f367242c445858e7feb7ee90b5) Importer(815301076,1909f56bfc062723c751e8b465ee728b)  -> (artifact id: '422bcbf64e3c15ea4a6b2a33ebca2d65') in 0.039564 seconds 
========================================================================
Received Import Request.
  Time since last request: 0.000026 seconds.
  path: Assets/Prefabs/LowPoly_Foliage/Models/Flowers/Flower_f_b_02.fbx
  artifactKey: Guid(267ba4bd486ed954fa1a28f8cca709fe) Importer(815301076,1909f56bfc062723c751e8b465ee728b)
Start importing Assets/Prefabs/LowPoly_Foliage/Models/Flowers/Flower_f_b_02.fbx using Guid(267ba4bd486ed954fa1a28f8cca709fe) Importer(815301076,1909f56bfc062723c751e8b465ee728b)  -> (artifact id: 'ba4f10daff520c11270e471fb306a5aa') in 0.039671 seconds 
========================================================================
Received Import Request.
  Time since last request: 0.000052 seconds.
  path: Assets/Prefabs/LowPoly_Foliage/Models/Flowers/Flower_h_a_02.fbx
  artifactKey: Guid(e8508b45dd761f24b83aad2c4e17597d) Importer(815301076,1909f56bfc062723c751e8b465ee728b)
Start importing Assets/Prefabs/LowPoly_Foliage/Models/Flowers/Flower_h_a_02.fbx using Guid(e8508b45dd761f24b83aad2c4e17597d) Importer(815301076,1909f56bfc062723c751e8b465ee728b)  -> (artifact id: 'e87acd9efdaba689eb40548dae31ade9') in 0.040118 seconds 
========================================================================
Received Import Request.
  Time since last request: 0.000025 seconds.
  path: Assets/Prefabs/LowPoly_Foliage/Models/Flowers/Flower_h_b_02.fbx
  artifactKey: Guid(2ce2db06a2a897f458f371bcce59cade) Importer(815301076,1909f56bfc062723c751e8b465ee728b)
Start importing Assets/Prefabs/LowPoly_Foliage/Models/Flowers/Flower_h_b_02.fbx using Guid(2ce2db06a2a897f458f371bcce59cade) Importer(815301076,1909f56bfc062723c751e8b465ee728b)  -> (artifact id: '30b1ce9f0d08e44500ea6adf3bd9e859') in 0.039552 seconds 
========================================================================
Received Import Request.
  Time since last request: 0.000026 seconds.
  path: Assets/Prefabs/LowPoly_Foliage/Models/Flowers/Flower_c_02.fbx
  artifactKey: Guid(d46881881aa8cdb42aa07437ed0295c4) Importer(815301076,1909f56bfc062723c751e8b465ee728b)
Start importing Assets/Prefabs/LowPoly_Foliage/Models/Flowers/Flower_c_02.fbx using Guid(d46881881aa8cdb42aa07437ed0295c4) Importer(815301076,1909f56bfc062723c751e8b465ee728b)  -> (artifact id: '38c5a3477d690f27fce139bfdea8dce1') in 0.042305 seconds 
========================================================================
Received Import Request.
  Time since last request: 0.000031 seconds.
  path: Assets/Prefabs/LowPoly_Foliage/Models/Flowers/Flower_f_a_01.fbx
  artifactKey: Guid(78d093cc6f13a3e469ec51a074b98659) Importer(815301076,1909f56bfc062723c751e8b465ee728b)
Start importing Assets/Prefabs/LowPoly_Foliage/Models/Flowers/Flower_f_a_01.fbx using Guid(78d093cc6f13a3e469ec51a074b98659) Importer(815301076,1909f56bfc062723c751e8b465ee728b)  -> (artifact id: '70abef8fa284f38c62b2aff26bb6a314') in 0.040195 seconds 
========================================================================
Received Import Request.
  Time since last request: 0.000028 seconds.
  path: Assets/Prefabs/LowPoly_Foliage/Models/Flowers/Flower_c_03.fbx
  artifactKey: Guid(f227b43d76e96bb44960855b486508cc) Importer(815301076,1909f56bfc062723c751e8b465ee728b)
Start importing Assets/Prefabs/LowPoly_Foliage/Models/Flowers/Flower_c_03.fbx using Guid(f227b43d76e96bb44960855b486508cc) Importer(815301076,1909f56bfc062723c751e8b465ee728b)  -> (artifact id: 'f4d2eb47ecfb9a9e2dc2a1ad2ed32566') in 0.042812 seconds 
========================================================================
Received Import Request.
  Time since last request: 0.000024 seconds.
  path: Assets/Prefabs/LowPoly_Foliage/Models/Flowers/Flower_g_a_03.fbx
  artifactKey: Guid(bc9bf6a4ab114354897ed989ef06ee6b) Importer(815301076,1909f56bfc062723c751e8b465ee728b)
Start importing Assets/Prefabs/LowPoly_Foliage/Models/Flowers/Flower_g_a_03.fbx using Guid(bc9bf6a4ab114354897ed989ef06ee6b) Importer(815301076,1909f56bfc062723c751e8b465ee728b)  -> (artifact id: 'ff3ebcf9e83cf2b306ba8432841a1f34') in 0.041664 seconds 
========================================================================
Received Import Request.
  Time since last request: 0.847765 seconds.
  path: Assets/Prefabs/LowPoly_Foliage/Models/Flowers/Materials/Leaves_Green_01.mat
  artifactKey: Guid(b913f1f594a07bf4dae7809d47ca95c1) Importer(815301076,1909f56bfc062723c751e8b465ee728b)
Start importing Assets/Prefabs/LowPoly_Foliage/Models/Flowers/Materials/Leaves_Green_01.mat using Guid(b913f1f594a07bf4dae7809d47ca95c1) Importer(815301076,1909f56bfc062723c751e8b465ee728b)  -> (artifact id: 'cea14a25a448872fcbbfae945ac55607') in 0.026699 seconds 
========================================================================
Received Import Request.
  Time since last request: 0.000023 seconds.
  path: Assets/Prefabs/LowPoly_Foliage/Models/Flowers/Materials/Leaves_Orange_01.mat
  artifactKey: Guid(7e4bf87a368341e45a43d598df135c67) Importer(815301076,1909f56bfc062723c751e8b465ee728b)
Start importing Assets/Prefabs/LowPoly_Foliage/Models/Flowers/Materials/Leaves_Orange_01.mat using Guid(7e4bf87a368341e45a43d598df135c67) Importer(815301076,1909f56bfc062723c751e8b465ee728b)  -> (artifact id: '881b2b00ee76fecf608d77435b389199') in 0.011499 seconds 
========================================================================
Received Import Request.
  Time since last request: 0.000032 seconds.
  path: Assets/Prefabs/LowPoly_Foliage/Models/Flowers/Materials/Stem_Green_01.mat
  artifactKey: Guid(034ca4249a7f3bc45b1dccc424cf439a) Importer(815301076,1909f56bfc062723c751e8b465ee728b)
Start importing Assets/Prefabs/LowPoly_Foliage/Models/Flowers/Materials/Stem_Green_01.mat using Guid(034ca4249a7f3bc45b1dccc424cf439a) Importer(815301076,1909f56bfc062723c751e8b465ee728b)  -> (artifact id: '01c7518fdd1744ecd6ef9308c99674e8') in 0.017061 seconds 
========================================================================
Received Import Request.
  Time since last request: 0.000031 seconds.
  path: Assets/Prefabs/LowPoly_Foliage/Models/Flowers/Materials/Nectar_Red_01.mat
  artifactKey: Guid(2993e50daa51b0c4b80e34ee6f931b6e) Importer(815301076,1909f56bfc062723c751e8b465ee728b)
Start importing Assets/Prefabs/LowPoly_Foliage/Models/Flowers/Materials/Nectar_Red_01.mat using Guid(2993e50daa51b0c4b80e34ee6f931b6e) Importer(815301076,1909f56bfc062723c751e8b465ee728b)  -> (artifact id: '275f38ea4a9eb3c21fca7f872d2d5f85') in 0.011746 seconds 
========================================================================
Received Import Request.
  Time since last request: 0.000029 seconds.
  path: Assets/Prefabs/LowPoly_Foliage/Models/Flowers/Materials/Nectar_Yellow_02.mat
  artifactKey: Guid(b9de168fecec504458696216d5b44223) Importer(815301076,1909f56bfc062723c751e8b465ee728b)
Start importing Assets/Prefabs/LowPoly_Foliage/Models/Flowers/Materials/Nectar_Yellow_02.mat using Guid(b9de168fecec504458696216d5b44223) Importer(815301076,1909f56bfc062723c751e8b465ee728b)  -> (artifact id: 'be6b104c6159dd0e96bd33ecb7df26f3') in 0.011885 seconds 
========================================================================
Received Import Request.
  Time since last request: 0.000020 seconds.
  path: Assets/Prefabs/LowPoly_Foliage/Models/Flowers/Materials/Petal_Purple_01.mat
  artifactKey: Guid(82efcbfc90676df4f80ad02713c5da58) Importer(815301076,1909f56bfc062723c751e8b465ee728b)
Start importing Assets/Prefabs/LowPoly_Foliage/Models/Flowers/Materials/Petal_Purple_01.mat using Guid(82efcbfc90676df4f80ad02713c5da58) Importer(815301076,1909f56bfc062723c751e8b465ee728b)  -> (artifact id: '7e7b05f12f54e3f724a1bceed8e13f35') in 0.011814 seconds 
========================================================================
Received Import Request.
  Time since last request: 0.000022 seconds.
  path: Assets/Prefabs/LowPoly_Foliage/Models/Flowers/Materials/Petal_Yellow_01.mat
  artifactKey: Guid(865bdf47dce261c45a19133bab21bc46) Importer(815301076,1909f56bfc062723c751e8b465ee728b)
Start importing Assets/Prefabs/LowPoly_Foliage/Models/Flowers/Materials/Petal_Yellow_01.mat using Guid(865bdf47dce261c45a19133bab21bc46) Importer(815301076,1909f56bfc062723c751e8b465ee728b)  -> (artifact id: 'fb98c34915219f4dcc282b8eef7da11d') in 0.012662 seconds 
========================================================================
Received Import Request.
  Time since last request: 0.000029 seconds.
  path: Assets/Prefabs/LowPoly_Foliage/Models/Flowers/Materials/NectarRing_Red_01.mat
  artifactKey: Guid(ba8bf572ce3a1f641a20f42bbf1ed12d) Importer(815301076,1909f56bfc062723c751e8b465ee728b)
Start importing Assets/Prefabs/LowPoly_Foliage/Models/Flowers/Materials/NectarRing_Red_01.mat using Guid(ba8bf572ce3a1f641a20f42bbf1ed12d) Importer(815301076,1909f56bfc062723c751e8b465ee728b)  -> (artifact id: '554522ee09fbdb7c77e08cf207a14e3a') in 0.011423 seconds 
========================================================================
Received Import Request.
  Time since last request: 0.000023 seconds.
  path: Assets/Prefabs/LowPoly_Foliage/Models/Flowers/Materials/Stem_Brown_01.mat
  artifactKey: Guid(a3c8fbe68f9fc9b4f8dee8f2973a3bea) Importer(815301076,1909f56bfc062723c751e8b465ee728b)
Start importing Assets/Prefabs/LowPoly_Foliage/Models/Flowers/Materials/Stem_Brown_01.mat using Guid(a3c8fbe68f9fc9b4f8dee8f2973a3bea) Importer(815301076,1909f56bfc062723c751e8b465ee728b)  -> (artifact id: 'de7f51928fc49a33fee45e5423747f4c') in 0.014899 seconds 
========================================================================
Received Import Request.
  Time since last request: 0.000020 seconds.
  path: Assets/Prefabs/LowPoly_Foliage/Models/Flowers/Materials/Petal_Red_01.mat
  artifactKey: Guid(d3c81905814a050438de80827deadebc) Importer(815301076,1909f56bfc062723c751e8b465ee728b)
Start importing Assets/Prefabs/LowPoly_Foliage/Models/Flowers/Materials/Petal_Red_01.mat using Guid(d3c81905814a050438de80827deadebc) Importer(815301076,1909f56bfc062723c751e8b465ee728b)  -> (artifact id: '133e4e29663fc321bd1634b6d9563971') in 0.010954 seconds 
========================================================================
Received Import Request.
  Time since last request: 94.227419 seconds.
  path: Assets/Prefabs/LowPoly_Foliage/Models/Flowers/Materials/Leaves_Orange_01.mat
  artifactKey: Guid(7e4bf87a368341e45a43d598df135c67) Importer(815301076,1909f56bfc062723c751e8b465ee728b)
Start importing Assets/Prefabs/LowPoly_Foliage/Models/Flowers/Materials/Leaves_Orange_01.mat using Guid(7e4bf87a368341e45a43d598df135c67) Importer(815301076,1909f56bfc062723c751e8b465ee728b)  -> (artifact id: '098a6f424c3e31bb292ff69e725b03ad') in 0.013375 seconds 
========================================================================
Received Import Request.
  Time since last request: 2108.580068 seconds.
  path: Assets/_Skyboxes/Cold Sunset/Cold Sunset Equirect.png
  artifactKey: Guid(6fa3f446deee84c52aec507bd0aca28c) Importer(815301076,1909f56bfc062723c751e8b465ee728b)
Start importing Assets/_Skyboxes/Cold Sunset/Cold Sunset Equirect.png using Guid(6fa3f446deee84c52aec507bd0aca28c) Importer(815301076,1909f56bfc062723c751e8b465ee728b)  -> (artifact id: 'bfccacbd4b0f34fbd022c9c067293937') in 1.002638 seconds 
========================================================================
Received Import Request.
  Time since last request: 0.000050 seconds.
  path: Assets/_Skyboxes/Cold Sunset/Cold Sunset__Cam_0_Front+Z.png
  artifactKey: Guid(6774108631deb4532b5f7df6e4f779a7) Importer(815301076,1909f56bfc062723c751e8b465ee728b)
Start importing Assets/_Skyboxes/Cold Sunset/Cold Sunset__Cam_0_Front+Z.png using Guid(6774108631deb4532b5f7df6e4f779a7) Importer(815301076,1909f56bfc062723c751e8b465ee728b)  -> (artifact id: 'aea74fc29b441561e3e178179cca9965') in 0.349904 seconds 
========================================================================
Received Import Request.
  Time since last request: 0.000035 seconds.
  path: Assets/_Skyboxes/Cold Sunset/Cold Sunset__Cam_1_Back-Z.png
  artifactKey: Guid(0c96697ef1fc74d8d90d3e2f7345366d) Importer(815301076,1909f56bfc062723c751e8b465ee728b)
Start importing Assets/_Skyboxes/Cold Sunset/Cold Sunset__Cam_1_Back-Z.png using Guid(0c96697ef1fc74d8d90d3e2f7345366d) Importer(815301076,1909f56bfc062723c751e8b465ee728b)  -> (artifact id: '8c42d5af94c3f21be827f7e3a723e3f2') in 0.114681 seconds 
========================================================================
Received Import Request.
  Time since last request: 0.000025 seconds.
  path: Assets/_Skyboxes/Cold Sunset/Cold Sunset__Cam_5_Down-Y.png
  artifactKey: Guid(6458ffa0dcd6b4ea5b30ac5085d8c68a) Importer(815301076,1909f56bfc062723c751e8b465ee728b)
Start importing Assets/_Skyboxes/Cold Sunset/Cold Sunset__Cam_5_Down-Y.png using Guid(6458ffa0dcd6b4ea5b30ac5085d8c68a) Importer(815301076,1909f56bfc062723c751e8b465ee728b)  -> (artifact id: '25324222338ff5daf0252196f0f06e11') in 0.162754 seconds 
========================================================================
Received Import Request.
  Time since last request: 1.204940 seconds.
  path: Assets/_Skyboxes/Night MoonBurst/AllSky_Night_MoonBurst Equirect.png
  artifactKey: Guid(34a763168147f4182a21b9fd004d67de) Importer(815301076,1909f56bfc062723c751e8b465ee728b)
Start importing Assets/_Skyboxes/Night MoonBurst/AllSky_Night_MoonBurst Equirect.png using Guid(34a763168147f4182a21b9fd004d67de) Importer(815301076,1909f56bfc062723c751e8b465ee728b)  -> (artifact id: '2b495df73850b8e16169bb6c0948b955') in 0.824484 seconds 
========================================================================
Received Import Request.
  Time since last request: 0.000031 seconds.
  path: Assets/_Skyboxes/Night MoonBurst/Night Moon Burst_Cam_5_Down-Y.png
  artifactKey: Guid(771300e956150427f8e4740c74cdd67e) Importer(815301076,1909f56bfc062723c751e8b465ee728b)
Start importing Assets/_Skyboxes/Night MoonBurst/Night Moon Burst_Cam_5_Down-Y.png using Guid(771300e956150427f8e4740c74cdd67e) Importer(815301076,1909f56bfc062723c751e8b465ee728b)  -> (artifact id: 'a124071fd4580bab4f6dc74535aa57e4') in 0.231469 seconds 
========================================================================
Received Import Request.
  Time since last request: 0.000031 seconds.
  path: Assets/_Skyboxes/Night MoonBurst/Night Moon Burst_Cam_0_Front+Z.png
  artifactKey: Guid(6faf329ad7f5a4920bd3e23e4b000057) Importer(815301076,1909f56bfc062723c751e8b465ee728b)
Start importing Assets/_Skyboxes/Night MoonBurst/Night Moon Burst_Cam_0_Front+Z.png using Guid(6faf329ad7f5a4920bd3e23e4b000057) Importer(815301076,1909f56bfc062723c751e8b465ee728b)  -> (artifact id: 'c29a5a4ee8c2936effea444a4ad1196c') in 0.074962 seconds 
========================================================================
Received Import Request.
  Time since last request: 0.000028 seconds.
  path: Assets/_Skyboxes/Night MoonBurst/Night Moon Burst_Cam_3_Right-X.png
  artifactKey: Guid(8e462a9bf0b1941148e4318e741d7b09) Importer(815301076,1909f56bfc062723c751e8b465ee728b)
Start importing Assets/_Skyboxes/Night MoonBurst/Night Moon Burst_Cam_3_Right-X.png using Guid(8e462a9bf0b1941148e4318e741d7b09) Importer(815301076,1909f56bfc062723c751e8b465ee728b)  -> (artifact id: '6cdeac14ce2c3bfa1868eb41de2ecf7c') in 0.121434 seconds 
========================================================================
Received Import Request.
  Time since last request: 8.061905 seconds.
  path: Assets/Prefabs/LowPoly_Foliage/Models/Leafs/Materials/Leaf_Brown_02.mat
  artifactKey: Guid(87112797de6bf3a47baaa6adacf6055f) Importer(815301076,1909f56bfc062723c751e8b465ee728b)
Start importing Assets/Prefabs/LowPoly_Foliage/Models/Leafs/Materials/Leaf_Brown_02.mat using Guid(87112797de6bf3a47baaa6adacf6055f) Importer(815301076,1909f56bfc062723c751e8b465ee728b)  -> (artifact id: '14391a2a044917c82d9f57a5d160c7db') in 0.019048 seconds 
========================================================================
Received Import Request.
  Time since last request: 0.000020 seconds.
  path: Assets/Prefabs/LowPoly_Foliage/Models/Leafs/Materials/Leaf_Green_01.mat
  artifactKey: Guid(dfc7419859631b6428a1dc2eb6a05206) Importer(815301076,1909f56bfc062723c751e8b465ee728b)
Start importing Assets/Prefabs/LowPoly_Foliage/Models/Leafs/Materials/Leaf_Green_01.mat using Guid(dfc7419859631b6428a1dc2eb6a05206) Importer(815301076,1909f56bfc062723c751e8b465ee728b)  -> (artifact id: '89dad914161f733b6089c10db0a3ae77') in 0.012279 seconds 
========================================================================
Received Import Request.
  Time since last request: 12.779549 seconds.
  path: Packages/com.unity.render-pipelines.universal/Runtime/Materials/Lit.mat
  artifactKey: Guid(31321ba15b8f8eb4c954353edc038b1d) Importer(815301076,1909f56bfc062723c751e8b465ee728b)
Start importing Packages/com.unity.render-pipelines.universal/Runtime/Materials/Lit.mat using Guid(31321ba15b8f8eb4c954353edc038b1d) Importer(815301076,1909f56bfc062723c751e8b465ee728b)  -> (artifact id: 'b2ff5c75b93e3b87d249590e1cc8d728') in 0.017735 seconds 
========================================================================
Received Import Request.
  Time since last request: 0.000020 seconds.
  path: Packages/com.unity.render-pipelines.universal/Runtime/Materials/SpatialMappingOcclusion.mat
  artifactKey: Guid(b51db210fe78df745a372851b3db949e) Importer(815301076,1909f56bfc062723c751e8b465ee728b)
Start importing Packages/com.unity.render-pipelines.universal/Runtime/Materials/SpatialMappingOcclusion.mat using Guid(b51db210fe78df745a372851b3db949e) Importer(815301076,1909f56bfc062723c751e8b465ee728b)  -> (artifact id: '340230a4c32b997f4c5cf58da1db14b8') in 0.019610 seconds 
========================================================================
Received Import Request.
  Time since last request: 0.000025 seconds.
  path: Packages/com.unity.render-pipelines.universal/Runtime/Materials/Sprite-Unlit-Default.mat
  artifactKey: Guid(9dfc825aed78fcd4ba02077103263b40) Importer(815301076,1909f56bfc062723c751e8b465ee728b)
Start importing Packages/com.unity.render-pipelines.universal/Runtime/Materials/Sprite-Unlit-Default.mat using Guid(9dfc825aed78fcd4ba02077103263b40) Importer(815301076,1909f56bfc062723c751e8b465ee728b)  -> (artifact id: '26eab9ccb35eaf07220eba32a732dc46') in 0.012095 seconds 
========================================================================
Received Import Request.
  Time since last request: 0.000021 seconds.
  path: Packages/com.unity.render-pipelines.universal/Runtime/Materials/SimpleLit.mat
  artifactKey: Guid(6a1143ee683302f4aa628c052723efc1) Importer(815301076,1909f56bfc062723c751e8b465ee728b)
Start importing Packages/com.unity.render-pipelines.universal/Runtime/Materials/SimpleLit.mat using Guid(6a1143ee683302f4aa628c052723efc1) Importer(815301076,1909f56bfc062723c751e8b465ee728b)  -> (artifact id: '02e68ab1171dbb70844e5b6e6700af48') in 2.230920 seconds 
========================================================================
Received Import Request.
  Time since last request: 0.000029 seconds.
  path: Packages/com.unity.render-pipelines.universal/Runtime/Materials/Sprite-Lit-Default.mat
  artifactKey: Guid(a97c105638bdf8b4a8650670310a4cd3) Importer(815301076,1909f56bfc062723c751e8b465ee728b)
Start importing Packages/com.unity.render-pipelines.universal/Runtime/Materials/Sprite-Lit-Default.mat using Guid(a97c105638bdf8b4a8650670310a4cd3) Importer(815301076,1909f56bfc062723c751e8b465ee728b)  -> (artifact id: 'c3fa1a5462f4ca0e34509dd2188dbccf') in 0.013571 seconds 
========================================================================
Received Import Request.
  Time since last request: 0.000034 seconds.
  path: Packages/com.unity.render-pipelines.universal/Runtime/Materials/ParticlesUnlit.mat
  artifactKey: Guid(e823cd5b5d27c0f4b8256e7c12ee3e6d) Importer(815301076,1909f56bfc062723c751e8b465ee728b)
Start importing Packages/com.unity.render-pipelines.universal/Runtime/Materials/ParticlesUnlit.mat using Guid(e823cd5b5d27c0f4b8256e7c12ee3e6d) Importer(815301076,1909f56bfc062723c751e8b465ee728b)  -> (artifact id: 'da9b34ad5fac7127e80e79230b515404') in 0.267423 seconds 
========================================================================
Received Import Request.
  Time since last request: 0.000031 seconds.
  path: Packages/com.unity.render-pipelines.universal/Runtime/Materials/SpriteMask-Default.mat
  artifactKey: Guid(15d0c3709176029428a0da2f8cecf0b5) Importer(815301076,1909f56bfc062723c751e8b465ee728b)
Start importing Packages/com.unity.render-pipelines.universal/Runtime/Materials/SpriteMask-Default.mat using Guid(15d0c3709176029428a0da2f8cecf0b5) Importer(815301076,1909f56bfc062723c751e8b465ee728b)  -> (artifact id: '19020fc40b49fb7d84a9427e82c4cccc') in 0.012691 seconds 
========================================================================
Received Import Request.
  Time since last request: 0.000041 seconds.
  path: Packages/com.unity.render-pipelines.universal/Runtime/Materials/SpatialMappingWireframe.mat
  artifactKey: Guid(9875a245ac49007498213638a307faa1) Importer(815301076,1909f56bfc062723c751e8b465ee728b)
Start importing Packages/com.unity.render-pipelines.universal/Runtime/Materials/SpatialMappingWireframe.mat using Guid(9875a245ac49007498213638a307faa1) Importer(815301076,1909f56bfc062723c751e8b465ee728b)  -> (artifact id: '63ce94361c109a0ad9b910d96b5e2420') in 0.015722 seconds 
========================================================================
Received Import Request.
  Time since last request: 24.891848 seconds.
  path: Assets/Prefabs/LowPoly_Foliage/Models/Flowers/Materials/Stem_Green_01.mat
  artifactKey: Guid(034ca4249a7f3bc45b1dccc424cf439a) Importer(815301076,1909f56bfc062723c751e8b465ee728b)
Start importing Assets/Prefabs/LowPoly_Foliage/Models/Flowers/Materials/Stem_Green_01.mat using Guid(034ca4249a7f3bc45b1dccc424cf439a) Importer(815301076,1909f56bfc062723c751e8b465ee728b)  -> (artifact id: '62ec130526f3ab6851809655a255c61e') in 0.012332 seconds 
